This is pdfTeX, Version 3.14159265-2.6-1.40.20 (MiKTeX 2.9.7140 64-bit) (preloaded format=pdflatex 2019.8.18)  18 AUG 2019 16:48
entering extended mode
**./exercices_modeles_lineaires.tex
(exercices_modeles_lineaires.tex
LaTeX2e <2018-12-01>
("C:\Users\pc\AppData\Local\Programs\MiKTeX 2.9\tex/latex/memoir\memoir.cls"
Document Class: memoir 2018/12/12 v3.7h configurable book, report, article docu
ment class
\onelineskip=\skip41
\lxvchars=\skip42
\xlvchars=\skip43
\@memcnta=\count80
\c@@memmarkcntra=\count81
("C:\Users\pc\AppData\Local\Programs\MiKTeX 2.9\tex/generic/oberdiek\ifpdf.sty"
Package: ifpdf 2018/09/07 v3.3 Provides the ifpdf switch
) ("C:\Users\pc\AppData\Local\Programs\MiKTeX 2.9\tex/latex/ifetex\ifetex.sty"
Package: ifetex 2018/03/31 v1.2a ifetex
("C:\Users\pc\AppData\Local\Programs\MiKTeX 2.9\tex/plain/ifetex\ifetex.tex")) 
("C:\Users\pc\AppData\Local\Programs\MiKTeX 2.9\tex/generic/ifxetex\ifxetex.sty
"
Package: ifxetex 2010/09/12 v0.6 Provides ifxetex conditional
)
("C:\Users\pc\AppData\Local\Programs\MiKTeX 2.9\tex/generic/oberdiek\ifluatex.s
ty"
Package: ifluatex 2016/05/16 v1.4 Provides the ifluatex switch (HO)
Package ifluatex Info: LuaTeX not detected.
)
\stockheight=\skip44
\stockwidth=\skip45
\trimtop=\skip46
\trimedge=\skip47
("C:\Users\pc\AppData\Local\Programs\MiKTeX 2.9\tex/latex/memoir\mem10.clo"
File: mem10.clo 2008/01/30 v0.3 memoir class 10pt size option
)
\binding=\skip48
\spinemargin=\skip49
\foremargin=\skip50
\uppermargin=\skip51
\lowermargin=\skip52
\headdrop=\skip53
\normalrulethickness=\skip54
\mem@maxheadheight=\skip55
\mem@maxfootheight=\skip56
\headwidth=\skip57
\c@storedpagenumber=\count82
\memPD=\dimen102
\m@mabparskip=\skip58
\thanksmarkwidth=\skip59
\thanksmarksep=\skip60
\droptitle=\skip61
\c@book=\count83
\c@part=\count84
\c@chapter=\count85
\c@section=\count86
\c@subsection=\count87
\c@subsubsection=\count88
\c@paragraph=\count89
\c@subparagraph=\count90
\beforechapskip=\skip62
\midchapskip=\skip63
\afterchapskip=\skip64
\chapindent=\skip65
\bottomsectionskip=\skip66
\secindent=\skip67
\beforesecskip=\skip68
\aftersecskip=\skip69
\subsecindent=\skip70
\beforesubsecskip=\skip71
\aftersubsecskip=\skip72
\subsubsecindent=\skip73
\beforesubsubsecskip=\skip74
\aftersubsubsecskip=\skip75
\paraindent=\skip76
\beforeparaskip=\skip77
\afterparaskip=\skip78
\subparaindent=\skip79
\beforesubparaskip=\skip80
\aftersubparaskip=\skip81
\pfbreakskip=\skip82
\c@@ppsavesec=\count91
\c@@ppsaveapp=\count92
\ragrparindent=\dimen103
\everylistparindent=\dimen104
\parsepi=\skip83
\topsepi=\skip84
\itemsepi=\skip85
\parsepii=\skip86
\topsepii=\skip87
\topsepiii=\skip88
\itemsepii=\skip89
\itemsepiii=\skip90
\partopsepii=\skip91
\partopsepiii=\skip92
\m@msavetopsep=\skip93
\m@msavepartopsep=\skip94
\@enLab=\toks14
\abstitleskip=\skip95
\absleftindent=\skip96
\abs@leftindent=\dimen105
\absrightindent=\skip97
\absparindent=\skip98
\absparsep=\skip99
\c@vslineno=\count93
\c@poemline=\count94
\c@modulo@vs=\count95
\c@memfvsline=\count96
\vleftskip=\skip100
\vrightskip=\skip101
\stanzaskip=\skip102
\versewidth=\skip103
\vgap=\skip104
\vindent=\skip105
\vleftmargin=\dimen106
\c@verse=\count97
\c@chrsinstr=\count98
\beforepoemtitleskip=\skip106
\afterpoemtitleskip=\skip107
\c@poem=\count99
\beforePoemTitleskip=\skip108
\midPoemTitleskip=\skip109
\afterPoemTitleskip=\skip110
("C:\Users\pc\AppData\Local\Programs\MiKTeX 2.9\tex/latex/tools\array.sty"
Package: array 2018/12/30 v2.4k Tabular extension package (FMi)
\col@sep=\dimen107
\ar@mcellbox=\box27
\extrarowheight=\dimen108
\NC@list=\toks15
\extratabsurround=\skip111
\backup@length=\skip112
\ar@cellbox=\box28
) ("C:\Users\pc\AppData\Local\Programs\MiKTeX 2.9\tex/latex/tools\dcolumn.sty"
Package: dcolumn 2014/10/28 v1.06 decimal alignment package (DPC)
) ("C:\Users\pc\AppData\Local\Programs\MiKTeX 2.9\tex/latex/tools\delarray.sty"
Package: delarray 2014/10/28 v1.01 array delimiter package (DPC)
) ("C:\Users\pc\AppData\Local\Programs\MiKTeX 2.9\tex/latex/tools\tabularx.sty"
Package: tabularx 2016/02/03 v2.11b `tabularx' package (DPC)
\TX@col@width=\dimen109
\TX@old@table=\dimen110
\TX@old@col=\dimen111
\TX@target=\dimen112
\TX@delta=\dimen113
\TX@cols=\count100
\TX@ftn=\toks16
)
\heavyrulewidth=\dimen114
\lightrulewidth=\dimen115
\cmidrulewidth=\dimen116
\belowrulesep=\dimen117
\belowbottomsep=\dimen118
\aboverulesep=\dimen119
\abovetopsep=\dimen120
\cmidrulesep=\dimen121
\cmidrulekern=\dimen122
\defaultaddspace=\dimen123
\@cmidla=\count101
\@cmidlb=\count102
\@aboverulesep=\dimen124
\@belowrulesep=\dimen125
\@thisruleclass=\count103
\@lastruleclass=\count104
\@thisrulewidth=\dimen126
\ctableftskip=\skip113
\ctabrightskip=\skip114
\abovecolumnspenalty=\count105
\@linestogo=\count106
\@cellstogo=\count107
\@cellsincolumn=\count108
\crtok=\toks17
\@mincolumnwidth=\dimen127
\c@newflo@tctr=\count109
\mem@margin@floatbox=\box29
\@contcwidth=\skip115
\@contindw=\skip116
\abovecaptionskip=\skip117
\belowcaptionskip=\skip118
\subfloattopskip=\skip119
\subfloatcapskip=\skip120
\subfloatcaptopadj=\skip121
\subfloatbottomskip=\skip122
\subfloatlabelskip=\skip123
\subfloatcapmargin=\dimen128
\c@@contsubnum=\count110
\m@mscap@capbox=\box30
\m@mscap@fbox=\box31
\sidecapsep=\dimen129
\sidecapwidth=\dimen130
\m@m@tempdima=\dimen131
\m@mscapraise=\dimen132
\sidecapraise=\dimen133
\m@mscapmainwidth=\dimen134
\m@mscaplkern=\dimen135
\beforeepigraphskip=\skip124
\afterepigraphskip=\skip125
\epigraphwidth=\skip126
\epigraphrule=\skip127
LaTeX Info: Redefining \em on input line 7592.
LaTeX Info: Redefining \emph on input line 7600.
\tocentryskip=\skip128
\tocbaseline=\skip129
\cftparskip=\skip130
\cftbeforebookskip=\skip131
\cftbookindent=\dimen136
\cftbooknumwidth=\dimen137
\cftbeforepartskip=\skip132
\cftpartindent=\skip133
\cftpartnumwidth=\skip134
\cftbeforechapterskip=\skip135
\cftchapterindent=\skip136
\cftchapternumwidth=\skip137
\cftbeforesectionskip=\skip138
\cftsectionindent=\skip139
\cftsectionnumwidth=\skip140
\cftbeforesubsectionskip=\skip141
\cftsubsectionindent=\skip142
\cftsubsectionnumwidth=\skip143
\cftbeforesubsubsectionskip=\skip144
\cftsubsubsectionindent=\skip145
\cftsubsubsectionnumwidth=\skip146
\cftbeforeparagraphskip=\skip147
\cftparagraphindent=\skip148
\cftparagraphnumwidth=\skip149
\cftbeforesubparagraphskip=\skip150
\cftsubparagraphindent=\skip151
\cftsubparagraphnumwidth=\skip152
\prechapterprecisshift=\dimen138
\c@maxsecnumdepth=\count111
\bibindent=\dimen139
\bibitemsep=\skip153
\indexcolsep=\skip154
\indexrule=\skip155
\indexmarkstyle=\toks18
\@indexbox=\insert199
\glossarycolsep=\dimen140
\glossaryrule=\dimen141
\sideparvshift=\skip156
\sideins=\insert198
\sidebartopsep=\skip157
\sidebarhsep=\skip158
\sidebarvsep=\skip159
\sidebarwidth=\skip160
\footmarkwidth=\skip161
\footmarksep=\skip162
\footparindent=\skip163
\footinsdim=\skip164
\footinsv@r=\insert197
\@mpfootinsv@r=\insert196
\m@m@k=\count112
\m@m@h=\dimen142
\m@mipn@skip=\skip165
\sidefootins=\insert195
\sidefootadjust=\skip166
\sidefootheight=\skip167
\sidefoothsep=\skip168
\sidefootvsep=\skip169
\sidefootwidth=\skip170
\m@mdownsf=\skip171
\c@sidefootnote=\count113
\sidefootmarkwidth=\skip172
\sidefootmarksep=\skip173
\sidefootparindent=\skip174
\c@pagenote=\count114
\c@pagenoteshadow=\count115
\mem@pn@lastkern=\skip175
\every@verbatim=\toks19
\afterevery@verbatim=\toks20
\verbatim@line=\toks21
\tab@position=\count116
\verbatim@in@stream=\read1
\verbatimindent=\skip176
\verbatim@out=\write3
\bvboxsep=\skip177
\c@memfbvline=\count117
\c@bvlinectr=\count118
\bvnumlength=\skip178
\fb@frw=\dimen143
\fb@frh=\dimen144
\FrameRule=\dimen145
\FrameSep=\dimen146
\c@cp@cntr=\count119
LaTeX Info: Redefining \: on input line 12114.
LaTeX Info: Redefining \! on input line 12116.
\c@ism@mctr=\count120
\c@xsm@mctr=\count121
\c@csm@mctr=\count122
\c@ksm@mctr=\count123
\c@xksm@mctr=\count124
\c@cksm@mctr=\count125
\c@msm@mctr=\count126
\c@xmsm@mctr=\count127
\c@cmsm@mctr=\count128
\c@bsm@mctr=\count129
\c@workm@mctr=\count130
\c@sheetsequence=\count131
\c@lastsheet=\count132
\c@lastpage=\count133
\c@figure=\count134
\c@lofdepth=\count135
\cftbeforefigureskip=\skip179
\cftfigureindent=\skip180
\cftfigurenumwidth=\skip181
\c@table=\count136
\c@lotdepth=\count137
\cftbeforetableskip=\skip182
\cfttableindent=\skip183
\cfttablenumwidth=\skip184
Package abstract [2008/07/23] emulated by memoir.
Package appendix [2008/07/23] emulated by memoir.
Package booktabs [2016/05/16] emulated by memoir.
Package ccaption [2008/07/23] emulated by memoir.
Package changepage [2008/07/23] emulated by memoir.
Package chngcntr [2008/07/23] emulated by memoir.
Package chngpage [2008/07/23] emulated by memoir.
Package crop emulated by memoir.
Package enumerate [2008/07/23] emulated by memoir.
Package epigraph [2008/07/23] emulated by memoir.
Package ifmtarg [2008/07/23] emulated by memoir.
Package index [2008/07/23] emulated by memoir.
Package makeidx [2008/07/23] emulated by memoir.
Package moreverb [2008/07/23] emulated by memoir.
Package mparhack [2008/07/23] emulated by memoir.
Package needspace [2008/07/23] emulated by memoir.
Package newfile [2008/07/23] emulated by memoir.
Package nextpage [2008/07/23] emulated by memoir.
Package pagenote [2008/07/23] emulated by memoir.
Package parskip [2008/07/23] emulated by memoir.
Package patchcmd [2008/07/23] emulated by memoir.
Package setspace [2008/07/23] emulated by memoir.
Package shortvrb [2008/07/23] emulated by memoir.
Package showidx [2008/07/23] emulated by memoir.
Package titleref [2008/07/23] emulated by memoir.
Package titling [2008/07/23] emulated by memoir.
Package tocbibind [2008/07/23] emulated by memoir.
Package tocloft [2008/07/23] emulated by memoir.
Package tocvsec2 [2008/07/23] emulated by memoir.
Package verbatim [2008/07/23] emulated by memoir.
Package verse [2008/07/23] emulated by memoir.
) ("C:\Users\pc\AppData\Local\Programs\MiKTeX 2.9\tex/latex/graphics\graphicx.s
ty"
Package: graphicx 2017/06/01 v1.1a Enhanced LaTeX Graphics (DPC,SPQR)
("C:\Users\pc\AppData\Local\Programs\MiKTeX 2.9\tex/latex/graphics\keyval.sty"
Package: keyval 2014/10/28 v1.15 key=value parser (DPC)
\KV@toks@=\toks22
) ("C:\Users\pc\AppData\Local\Programs\MiKTeX 2.9\tex/latex/graphics\graphics.s
ty"
Package: graphics 2017/06/25 v1.2c Standard LaTeX Graphics (DPC,SPQR)
("C:\Users\pc\AppData\Local\Programs\MiKTeX 2.9\tex/latex/graphics\trig.sty"
Package: trig 2016/01/03 v1.10 sin cos tan (DPC)
)
("C:\Users\pc\AppData\Local\Programs\MiKTeX 2.9\tex/latex/graphics-cfg\graphics
.cfg"
File: graphics.cfg 2016/06/04 v1.11 sample graphics configuration
)
Package graphics Info: Driver file: pdftex.def on input line 99.

("C:\Users\pc\AppData\Local\Programs\MiKTeX 2.9\tex/latex/graphics-def\pdftex.d
ef"
File: pdftex.def 2018/01/08 v1.0l Graphics/color driver for pdftex
))
\Gin@req@height=\dimen147
\Gin@req@width=\dimen148
) ("C:\Users\pc\AppData\Local\Programs\MiKTeX 2.9\tex/latex/graphics\color.sty"
Package: color 2016/07/10 v1.1e Standard LaTeX Color (DPC)

("C:\Users\pc\AppData\Local\Programs\MiKTeX 2.9\tex/latex/graphics-cfg\color.cf
g"
File: color.cfg 2016/01/02 v1.6 sample color configuration
)
Package color Info: Driver file: pdftex.def on input line 147.
) ("C:\Users\pc\AppData\Local\Programs\MiKTeX 2.9\tex/latex/framed\framed.sty"
Package: framed 2011/10/22 v 0.96: framed or shaded text with page breaks
\OuterFrameSep=\skip185
\fb@frw=\dimen149
\fb@frh=\dimen150
) ("C:\Users\pc\AppData\Local\Programs\MiKTeX 2.9\tex/latex/base\alltt.sty"
Package: alltt 1997/06/16 v2.0g defines alltt environment
) ("C:\Users\pc\AppData\Local\Programs\MiKTeX 2.9\tex/latex/base\fontenc.sty"
Package: fontenc 2018/08/11 v2.0j Standard LaTeX package
("C:\Users\pc\AppData\Local\Programs\MiKTeX 2.9\tex/latex/base\t1enc.def"
File: t1enc.def 2018/08/11 v2.0j Standard LaTeX file
LaTeX Font Info:    Redeclaring font encoding T1 on input line 48.
)) ("C:\Users\pc\AppData\Local\Programs\MiKTeX 2.9\tex/latex/base\inputenc.sty"
Package: inputenc 2018/08/11 v1.3c Input encoding file
\inpenc@prehook=\toks23
\inpenc@posthook=\toks24
) ("C:\Users\pc\AppData\Local\Programs\MiKTeX 2.9\tex/latex/natbib\natbib.sty"
Package: natbib 2010/09/13 8.31b (PWD, AO)
\bibhang=\skip186
\bibsep=\skip187
LaTeX Info: Redefining \cite on input line 694.
\c@NAT@ctr=\count138
) ("C:\Users\pc\AppData\Local\Programs\MiKTeX 2.9\tex/latex/url\url.sty"
\Urlmuskip=\muskip10
Package: url 2013/09/16  ver 3.4  Verb mode for urls, etc.
) ("C:\Users\pc\AppData\Local\Programs\MiKTeX 2.9\tex/generic/babel\babel.sty"
Package: babel 2019/07/19 3.33 The Babel package
("C:\Users\pc\AppData\Local\Programs\MiKTeX 2.9\tex/generic/babel\switch.def"
File: switch.def 2019/07/19 3.33 Babel switching mechanism
)
*************************************
* Local config file bblopts.cfg used
*
("C:\Users\pc\AppData\Local\Programs\MiKTeX 2.9\tex/latex/arabi\bblopts.cfg"
File: bblopts.cfg 2005/09/08 v0.1 add Arabic and Farsi to "declared" options of
 babel
)
("C:\Users\pc\AppData\Local\Programs\MiKTeX 2.9\tex/latex/babel-english\english
.ldf"
Language: english 2017/06/06 v3.3r English support from the babel system
("C:\Users\pc\AppData\Local\Programs\MiKTeX 2.9\tex/generic/babel\babel.def"
File: babel.def 2019/07/19 3.33 Babel common definitions
\babel@savecnt=\count139
\U@D=\dimen151
("C:\Users\pc\AppData\Local\Programs\MiKTeX 2.9\tex/generic/babel\txtbabel.def"
)
\bbl@dirlevel=\count140
)
\l@canadian = a dialect from \language\l@american 
\l@australian = a dialect from \language\l@british 
\l@newzealand = a dialect from \language\l@british 
)
("C:\Users\pc\AppData\Local\Programs\MiKTeX 2.9\tex/generic/babel-french\french
.ldf"
Language: french 2019/03/30 v3.5e French support from the babel system
\l@acadian = a dialect from \language\l@french 
\FB@nonchar=\count141
Package babel Info: Making : an active character on input line 414.
Package babel Info: Making ; an active character on input line 415.
Package babel Info: Making ! an active character on input line 416.
Package babel Info: Making ? an active character on input line 417.
\FBguill@level=\count142
\FBold@everypar=\toks25
\FB@Mht=\dimen152
\mc@charclass=\count143
\mc@charfam=\count144
\mc@charslot=\count145
\std@mcc=\count146
\dec@mcc=\count147
\c@FBcaption@count=\count148
\listindentFB=\dimen153
\descindentFB=\dimen154
\labelindentFB=\dimen155
\labelwidthFB=\dimen156
\leftmarginFB=\dimen157
\parindentFFN=\dimen158
\FBfnindent=\dimen159
)) ("C:\Users\pc\AppData\Local\Programs\MiKTeX 2.9\tex/latex/carlisle\scalefnt.
sty") ("C:\Users\pc\AppData\Local\Programs\MiKTeX 2.9\tex/latex/numprint\numpri
nt.sty"
Package: numprint 2012/08/20 v1.39 Print numbers (HH)
\c@nprt@mantissa@digitsbefore=\count149
\c@nprt@mantissa@digitsafter=\count150
\c@nprt@exponent@digitsbefore=\count151
\c@nprt@exponent@digitsafter=\count152
\nprt@digitwidth=\skip188
\nprt@sepwidth=\skip189
\nprt@decimalwidth=\skip190
\nprt@blockwidth=\skip191
\nprt@digittoks=\toks26
\nprt@pretoks=\toks27
\nprt@posttoks=\toks28
\nprt@thisdigit=\count153
\nprt@curpos=\count154
\nprt@rndpos=\count155
\c@nprt@digitsfirstblock=\count156
\c@nprt@blockcnt=\count157
\c@nprt@cntprint=\count158
No configuration file `numprint.cfg' found.) ("C:\Users\pc\AppData\Local\Progra
ms\MiKTeX 2.9\tex/latex/psnfssx\lucidabr.sty"
Package: lucidabr 2005/11/29 v4.3 Lucida Bright + Lucida New Math + Lucida Expe
rt (SPQR/DPC/TUG)
Now handling font encoding LMR ...
... no UTF-8 mapping file for font encoding LMR
LaTeX Font Info:    Redeclaring symbol font `letters' on input line 131.
LaTeX Font Info:    Overwriting symbol font `letters' in version `normal'
(Font)                  OML/cmm/m/it --> OML/hlcm/m/it on input line 131.
LaTeX Font Info:    Overwriting symbol font `letters' in version `bold'
(Font)                  OML/cmm/b/it --> OML/hlcm/m/it on input line 131.
LaTeX Font Info:    Redeclaring symbol font `symbols' on input line 135.
LaTeX Font Info:    Overwriting symbol font `symbols' in version `normal'
(Font)                  OMS/cmsy/m/n --> OMS/hlcy/m/n on input line 135.
LaTeX Font Info:    Overwriting symbol font `symbols' in version `bold'
(Font)                  OMS/cmsy/b/n --> OMS/hlcy/m/n on input line 135.
LaTeX Font Info:    Redeclaring symbol font `largesymbols' on input line 136.
LaTeX Font Info:    Overwriting symbol font `largesymbols' in version `normal'
(Font)                  OMX/cmex/m/n --> OMX/hlcv/m/n on input line 136.
LaTeX Font Info:    Overwriting symbol font `largesymbols' in version `bold'
(Font)                  OMX/cmex/m/n --> OMX/hlcv/m/n on input line 136.
\symarrows=\mathgroup4
LaTeX Font Info:    Redeclaring symbol font `operators' on input line 146.
LaTeX Font Info:    Encoding `OT1' has changed to `T1' for symbol font
(Font)              `operators' in the math version `normal' on input line 146.

LaTeX Font Info:    Overwriting symbol font `operators' in version `normal'
(Font)                  OT1/cmr/m/n --> T1/hlh/m/n on input line 146.
LaTeX Font Info:    Encoding `OT1' has changed to `T1' for symbol font
(Font)              `operators' in the math version `bold' on input line 146.
LaTeX Font Info:    Overwriting symbol font `operators' in version `bold'
(Font)                  OT1/cmr/bx/n --> T1/hlh/m/n on input line 146.
LaTeX Font Info:    Overwriting symbol font `operators' in version `bold'
(Font)                  T1/hlh/m/n --> T1/hlh/b/n on input line 147.
LaTeX Font Info:    Overwriting symbol font `operators' in version `normal'
(Font)                  T1/hlh/m/n --> T1/hlh/m/n on input line 148.
LaTeX Font Info:    Redeclaring math alphabet \mathbf on input line 149.
LaTeX Font Info:    Overwriting math alphabet `\mathbf' in version `normal'
(Font)                  OT1/cmr/bx/n --> T1/hlh/b/n on input line 149.
LaTeX Font Info:    Overwriting math alphabet `\mathbf' in version `bold'
(Font)                  OT1/cmr/bx/n --> T1/hlh/b/n on input line 149.
LaTeX Font Info:    Redeclaring math alphabet \mathrm on input line 150.
LaTeX Font Info:    Redeclaring math alphabet \mathsf on input line 151.
LaTeX Font Info:    Overwriting math alphabet `\mathsf' in version `normal'
(Font)                  OT1/cmss/m/n --> T1/hls/m/n on input line 151.
LaTeX Font Info:    Overwriting math alphabet `\mathsf' in version `bold'
(Font)                  OT1/cmss/bx/n --> T1/hls/m/n on input line 151.
LaTeX Font Info:    Redeclaring math alphabet \mathit on input line 152.
LaTeX Font Info:    Overwriting math alphabet `\mathit' in version `normal'
(Font)                  OT1/cmr/m/it --> T1/hlh/m/it on input line 152.
LaTeX Font Info:    Overwriting math alphabet `\mathit' in version `bold'
(Font)                  OT1/cmr/bx/it --> T1/hlh/m/it on input line 152.
LaTeX Font Info:    Redeclaring math alphabet \mathtt on input line 153.
LaTeX Font Info:    Overwriting math alphabet `\mathtt' in version `normal'
(Font)                  OT1/cmtt/m/n --> T1/hlst/m/n on input line 153.
LaTeX Font Info:    Overwriting math alphabet `\mathtt' in version `bold'
(Font)                  OT1/cmtt/m/n --> T1/hlst/m/n on input line 153.
LaTeX Font Info:    Overwriting math alphabet `\mathbf' in version `bold'
(Font)                  T1/hlh/b/n --> T1/hlh/b/n on input line 155.
LaTeX Font Info:    Overwriting math alphabet `\mathsf' in version `bold'
(Font)                  T1/hls/m/n --> T1/hls/b/n on input line 156.
LaTeX Font Info:    Overwriting math alphabet `\mathrm' in version `bold'
(Font)                  T1/hlh/m/n --> T1/hlh/b/n on input line 157.
LaTeX Font Info:    Overwriting math alphabet `\mathit' in version `bold'
(Font)                  T1/hlh/m/it --> T1/hlh/b/it on input line 158.
LaTeX Font Info:    Overwriting math alphabet `\mathtt' in version `bold'
(Font)                  T1/hlst/m/n --> T1/hlst/b/n on input line 159.
LaTeX Font Info:    Redeclaring math accent \vec on input line 165.
LaTeX Font Info:    Redeclaring math symbol \colon on input line 175.
LaTeX Font Info:    Redeclaring math accent \acute on input line 177.
LaTeX Font Info:    Redeclaring math accent \grave on input line 178.
LaTeX Font Info:    Redeclaring math accent \ddot on input line 179.
LaTeX Font Info:    Redeclaring math accent \tilde on input line 180.
LaTeX Font Info:    Redeclaring math accent \bar on input line 181.
LaTeX Font Info:    Redeclaring math accent \breve on input line 182.
LaTeX Font Info:    Redeclaring math accent \check on input line 183.
LaTeX Font Info:    Redeclaring math accent \hat on input line 184.
LaTeX Font Info:    Redeclaring math accent \dot on input line 185.
LaTeX Font Info:    Redeclaring math symbol \Gamma on input line 376.
LaTeX Font Info:    Redeclaring math symbol \Delta on input line 377.
LaTeX Font Info:    Redeclaring math symbol \Theta on input line 378.
LaTeX Font Info:    Redeclaring math symbol \Lambda on input line 379.
LaTeX Font Info:    Redeclaring math symbol \Xi on input line 380.
LaTeX Font Info:    Redeclaring math symbol \Pi on input line 381.
LaTeX Font Info:    Redeclaring math symbol \Sigma on input line 382.
LaTeX Font Info:    Redeclaring math symbol \Upsilon on input line 383.
LaTeX Font Info:    Redeclaring math symbol \Phi on input line 384.
LaTeX Font Info:    Redeclaring math symbol \Psi on input line 385.
LaTeX Font Info:    Redeclaring math symbol \Omega on input line 386.
LaTeX Font Info:    Redeclaring math symbol \alpha on input line 388.
LaTeX Font Info:    Redeclaring math symbol \beta on input line 389.
LaTeX Font Info:    Redeclaring math symbol \gamma on input line 390.
LaTeX Font Info:    Redeclaring math symbol \delta on input line 391.
LaTeX Font Info:    Redeclaring math symbol \epsilon on input line 392.
LaTeX Font Info:    Redeclaring math symbol \zeta on input line 393.
LaTeX Font Info:    Redeclaring math symbol \eta on input line 394.
LaTeX Font Info:    Redeclaring math symbol \theta on input line 395.
LaTeX Font Info:    Redeclaring math symbol \iota on input line 396.
LaTeX Font Info:    Redeclaring math symbol \kappa on input line 397.
LaTeX Font Info:    Redeclaring math symbol \lambda on input line 398.
LaTeX Font Info:    Redeclaring math symbol \mu on input line 399.
LaTeX Font Info:    Redeclaring math symbol \nu on input line 400.
LaTeX Font Info:    Redeclaring math symbol \xi on input line 401.
LaTeX Font Info:    Redeclaring math symbol \pi on input line 402.
LaTeX Font Info:    Redeclaring math symbol \rho on input line 403.
LaTeX Font Info:    Redeclaring math symbol \sigma on input line 404.
LaTeX Font Info:    Redeclaring math symbol \tau on input line 405.
LaTeX Font Info:    Redeclaring math symbol \upsilon on input line 406.
LaTeX Font Info:    Redeclaring math symbol \phi on input line 407.
LaTeX Font Info:    Redeclaring math symbol \chi on input line 408.
LaTeX Font Info:    Redeclaring math symbol \psi on input line 409.
LaTeX Font Info:    Redeclaring math symbol \omega on input line 410.
LaTeX Font Info:    Redeclaring math symbol \varepsilon on input line 411.
LaTeX Font Info:    Redeclaring math symbol \vartheta on input line 412.
LaTeX Font Info:    Redeclaring math symbol \varpi on input line 413.
LaTeX Font Info:    Redeclaring math symbol \varrho on input line 414.
LaTeX Font Info:    Redeclaring math symbol \varsigma on input line 415.
LaTeX Font Info:    Redeclaring math symbol \varphi on input line 416.
LaTeX Font Info:    Redeclaring math symbol \rightleftharpoons on input line 46
7.
LaTeX Font Info:    Redeclaring math symbol \leftrightharpoons on input line 46
8.
LaTeX Font Info:    Redeclaring math symbol \angle on input line 551.
LaTeX Font Info:    Redeclaring math symbol \simeq on input line 650.
LaTeX Font Info:    Redeclaring math symbol \hbar on input line 673.
) ("C:\Users\pc\AppData\Local\Programs\MiKTeX 2.9\tex/latex/pslatex\pslatex.sty
"
Package: pslatex 1996/07/24 v1.2 pslatex emulation (DPC)
LaTeX Font Info:    Redeclaring symbol font `operators' on input line 65.
LaTeX Font Info:    Encoding `T1' has changed to `OT1' for symbol font
(Font)              `operators' in the math version `normal' on input line 65.
LaTeX Font Info:    Overwriting symbol font `operators' in version `normal'
(Font)                  T1/hlh/m/n --> OT1/ptmcm/m/n on input line 65.
LaTeX Font Info:    Encoding `T1' has changed to `OT1' for symbol font
(Font)              `operators' in the math version `bold' on input line 65.
LaTeX Font Info:    Overwriting symbol font `operators' in version `bold'
(Font)                  T1/hlh/b/n --> OT1/ptmcm/m/n on input line 65.
LaTeX Font Info:    Redeclaring symbol font `letters' on input line 66.
LaTeX Font Info:    Overwriting symbol font `letters' in version `normal'
(Font)                  OML/hlcm/m/it --> OML/ptmcm/m/it on input line 66.
LaTeX Font Info:    Overwriting symbol font `letters' in version `bold'
(Font)                  OML/hlcm/m/it --> OML/ptmcm/m/it on input line 66.
LaTeX Font Info:    Redeclaring symbol font `symbols' on input line 67.
LaTeX Font Info:    Overwriting symbol font `symbols' in version `normal'
(Font)                  OMS/hlcy/m/n --> OMS/pzccm/m/n on input line 67.
LaTeX Font Info:    Overwriting symbol font `symbols' in version `bold'
(Font)                  OMS/hlcy/m/n --> OMS/pzccm/m/n on input line 67.
LaTeX Font Info:    Redeclaring symbol font `largesymbols' on input line 68.
LaTeX Font Info:    Overwriting symbol font `largesymbols' in version `normal'
(Font)                  OMX/hlcv/m/n --> OMX/psycm/m/n on input line 68.
LaTeX Font Info:    Overwriting symbol font `largesymbols' in version `bold'
(Font)                  OMX/hlcv/m/n --> OMX/psycm/m/n on input line 68.
\symbold=\mathgroup5
\symitalic=\mathgroup6
LaTeX Font Info:    Redeclaring math alphabet \mathbf on input line 74.
LaTeX Font Info:    Overwriting math alphabet `\mathbf' in version `normal'
(Font)                  T1/hlh/b/n --> OT1/ptm/bx/n on input line 74.
LaTeX Font Info:    Overwriting math alphabet `\mathbf' in version `bold'
(Font)                  T1/hlh/b/n --> OT1/ptm/bx/n on input line 74.
LaTeX Font Info:    Redeclaring math alphabet \mathit on input line 75.
LaTeX Font Info:    Overwriting math alphabet `\mathit' in version `normal'
(Font)                  T1/hlh/m/it --> OT1/ptm/m/it on input line 75.
LaTeX Font Info:    Overwriting math alphabet `\mathit' in version `bold'
(Font)                  T1/hlh/b/it --> OT1/ptm/m/it on input line 75.
) ("C:\Users\pc\AppData\Local\Programs\MiKTeX 2.9\tex/latex/psnfss\mathpazo.sty
"
Package: mathpazo 2005/04/12 PSNFSS-v9.2a Palatino w/ Pazo Math (D.Puga, WaS) 
\symupright=\mathgroup7
) (vgmath.sty
Package: vgmath 2004/01/21 (Dr. Vincent Goulet)
) (vgsets.sty
Package: vgsets 2004/01/21 (Dr. Vincent Goulet)
("C:\Users\pc\AppData\Local\Programs\MiKTeX 2.9\tex/latex/amsfonts\amsfonts.sty
"
Package: amsfonts 2013/01/14 v3.01 Basic AMSFonts support
\@emptytoks=\toks29
\symAMSa=\mathgroup8
\symAMSb=\mathgroup9
LaTeX Font Info:    Redeclaring math delimiter \ulcorner on input line 74.
LaTeX Font Info:    Redeclaring math delimiter \urcorner on input line 75.
LaTeX Font Info:    Redeclaring math delimiter \llcorner on input line 76.
LaTeX Font Info:    Redeclaring math delimiter \lrcorner on input line 77.
LaTeX Info: Redefining \Bbb on input line 113.
LaTeX Font Info:    Redeclaring math symbol \square on input line 141.
LaTeX Font Info:    Redeclaring math symbol \lozenge on input line 142.
)) ("C:\Users\pc\AppData\Local\Programs\MiKTeX 2.9\tex/latex/was\icomma.sty"
Package: icomma 2002/03/10 v2.0 (WaS)
) ("C:\Users\pc\AppData\Local\Programs\MiKTeX 2.9\tex/latex/amsmath\amsmath.sty
"
Package: amsmath 2018/12/01 v2.17b AMS math features
\@mathmargin=\skip192
For additional information on amsmath, use the `?' option.
("C:\Users\pc\AppData\Local\Programs\MiKTeX 2.9\tex/latex/amsmath\amstext.sty"
Package: amstext 2000/06/29 v2.01 AMS text
("C:\Users\pc\AppData\Local\Programs\MiKTeX 2.9\tex/latex/amsmath\amsgen.sty"
File: amsgen.sty 1999/11/30 v2.0 generic functions
\@emptytoks=\toks30
\ex@=\dimen160
)) ("C:\Users\pc\AppData\Local\Programs\MiKTeX 2.9\tex/latex/amsmath\amsbsy.sty
"
Package: amsbsy 1999/11/29 v1.2d Bold Symbols
\pmbraise@=\dimen161
) ("C:\Users\pc\AppData\Local\Programs\MiKTeX 2.9\tex/latex/amsmath\amsopn.sty"
Package: amsopn 2016/03/08 v2.02 operator names
)
\inf@bad=\count159
LaTeX Info: Redefining \frac on input line 223.
\uproot@=\count160
\leftroot@=\count161
LaTeX Info: Redefining \overline on input line 385.
\classnum@=\count162
\DOTSCASE@=\count163
LaTeX Info: Redefining \ldots on input line 482.
LaTeX Info: Redefining \dots on input line 485.
LaTeX Info: Redefining \cdots on input line 606.
\Mathstrutbox@=\box32
\strutbox@=\box33
\big@size=\dimen162
LaTeX Font Info:    Redeclaring font encoding OML on input line 729.
LaTeX Font Info:    Redeclaring font encoding OMS on input line 730.
\macc@depth=\count164
\c@MaxMatrixCols=\count165
\dotsspace@=\muskip11
\c@parentequation=\count166
\dspbrk@lvl=\count167
\tag@help=\toks31
\row@=\count168
\column@=\count169
\maxfields@=\count170
\andhelp@=\toks32
\eqnshift@=\dimen163
\alignsep@=\dimen164
\tagshift@=\dimen165
\tagwidth@=\dimen166
\totwidth@=\dimen167
\lineht@=\dimen168
\@envbody=\toks33
\multlinegap=\skip193
\multlinetaggap=\skip194
\mathdisplay@stack=\toks34
LaTeX Info: Redefining \[ on input line 2844.
LaTeX Info: Redefining \] on input line 2845.
) ("C:\Users\pc\AppData\Local\Programs\MiKTeX 2.9\tex/latex/amscls\amsthm.sty"
Package: amsthm 2017/10/31 v2.20.4
\thm@style=\toks35
\thm@bodyfont=\toks36
\thm@headfont=\toks37
\thm@notefont=\toks38
\thm@headpunct=\toks39
\thm@preskip=\skip256
\thm@postskip=\skip257
\thm@headsep=\skip258
\dth@everypar=\toks40
) ("C:\Users\pc\AppData\Local\Programs\MiKTeX 2.9\tex/latex/was\upgreek.sty"
Package: upgreek 2003/02/12 v2.0 (WaS)
Package upgreek Info: Using Euler Roman for upright Greek on input line 31.
\symugrf@m=\mathgroup10
LaTeX Font Info:    Overwriting symbol font `ugrf@m' in version `bold'
(Font)                  U/eur/m/n --> U/eur/b/n on input line 38.
) ("C:\Users\pc\AppData\Local\Programs\MiKTeX 2.9\tex/latex/textpos\textpos.sty
"
Package: textpos 2019/04/15 v1.9.1
Package: textpos 2019/04/15 1.9.1, absolute positioning of text on the page
("C:\Users\pc\AppData\Local\Programs\MiKTeX 2.9\tex/latex/ms\everyshi.sty"
Package: everyshi 2001/05/15 v3.00 EveryShipout Package (MS)
)
\TP@textbox=\box34
\TP@holdbox=\box35
\TPHorizModule=\dimen169
\TPVertModule=\dimen170
\TP@margin=\dimen171
\TP@absmargin=\dimen172
Grid set 16 x 16 = 38.39343pt x 49.68562pt
\TPboxrulesize=\dimen173
\TP@ox=\dimen174
\TP@oy=\dimen175
\TP@tbargs=\toks41
\TP@prevdepth=\dimen176
TextBlockOrigin set to 0pt x 0pt
) ("C:\Users\pc\AppData\Local\Programs\MiKTeX 2.9\tex/latex/answers\answers.sty
"
Package: answers 2014/08/24 v2.16 Production of solution sheets in LaTeX2e
) ("C:\Users\pc\AppData\Local\Programs\MiKTeX 2.9\tex/latex/listings\listings.s
ty"
\lst@mode=\count171
\lst@gtempboxa=\box36
\lst@token=\toks42
\lst@length=\count172
\lst@currlwidth=\dimen177
\lst@column=\count173
\lst@pos=\count174
\lst@lostspace=\dimen178
\lst@width=\dimen179
\lst@newlines=\count175
\lst@lineno=\count176
\lst@maxwidth=\dimen180
("C:\Users\pc\AppData\Local\Programs\MiKTeX 2.9\tex/latex/listings\lstmisc.sty"
File: lstmisc.sty 2019/02/27 1.8b (Carsten Heinz)
\c@lstnumber=\count177
\lst@skipnumbers=\count178
\lst@framebox=\box37
) ("C:\Users\pc\AppData\Local\Programs\MiKTeX 2.9\tex/latex/listings\listings.c
fg"
File: listings.cfg 2019/02/27 1.8b listings configuration
))
Package: listings 2019/02/27 1.8b (Carsten Heinz)
("C:\Users\pc\AppData\Local\Programs\MiKTeX 2.9\tex/latex/paralist\paralist.sty
"
Package: paralist 2017/01/22 v2.7 Extended list environments
\pltopsep=\skip259
\plpartopsep=\skip260
\plitemsep=\skip261
\plparsep=\skip262
\pl@lab=\toks43
)
("C:\Users\pc\AppData\Local\Programs\MiKTeX 2.9\tex/latex/threeparttable\threep
arttable.sty"
Package: threeparttable 2003/06/13  v 3.0
\@tempboxb=\box38
) ("C:\Users\pc\AppData\Local\Programs\MiKTeX 2.9\tex/latex/hyperref\hyperref.s
ty"
Package: hyperref 2019/06/12 v6.88h Hypertext links for LaTeX

("C:\Users\pc\AppData\Local\Programs\MiKTeX 2.9\tex/generic/oberdiek\hobsub-hyp
erref.sty"
Package: hobsub-hyperref 2016/05/16 v1.14 Bundle oberdiek, subset hyperref (HO)


("C:\Users\pc\AppData\Local\Programs\MiKTeX 2.9\tex/generic/oberdiek\hobsub-gen
eric.sty"
Package: hobsub-generic 2016/05/16 v1.14 Bundle oberdiek, subset generic (HO)
Package: hobsub 2016/05/16 v1.14 Construct package bundles (HO)
Package: infwarerr 2016/05/16 v1.4 Providing info/warning/error messages (HO)
Package: ltxcmds 2016/05/16 v1.23 LaTeX kernel commands for general use (HO)
Package hobsub Info: Skipping package `ifluatex' (already loaded).
Package: ifvtex 2016/05/16 v1.6 Detect VTeX and its facilities (HO)
Package ifvtex Info: VTeX not detected.
Package: intcalc 2016/05/16 v1.2 Expandable calculations with integers (HO)
Package hobsub Info: Skipping package `ifpdf' (already loaded).
Package: etexcmds 2016/05/16 v1.6 Avoid name clashes with e-TeX commands (HO)
Package: kvsetkeys 2016/05/16 v1.17 Key value parser (HO)
Package: kvdefinekeys 2016/05/16 v1.4 Define keys (HO)
Package: pdftexcmds 2019/07/25 v0.30 Utility functions of pdfTeX for LuaTeX (HO
)
Package pdftexcmds Info: LuaTeX not detected.
Package pdftexcmds Info: \pdf@primitive is available.
Package pdftexcmds Info: \pdf@ifprimitive is available.
Package pdftexcmds Info: \pdfdraftmode found.
Package: pdfescape 2016/05/16 v1.14 Implements pdfTeX's escape features (HO)
Package: bigintcalc 2016/05/16 v1.4 Expandable calculations on big integers (HO
)
Package: bitset 2016/05/16 v1.2 Handle bit-vector datatype (HO)
Package: uniquecounter 2016/05/16 v1.3 Provide unlimited unique counter (HO)
)
Package hobsub Info: Skipping package `hobsub' (already loaded).
Package: letltxmacro 2016/05/16 v1.5 Let assignment for LaTeX macros (HO)
Package: hopatch 2016/05/16 v1.3 Wrapper for package hooks (HO)
Package: xcolor-patch 2016/05/16 xcolor patch
Package: atveryend 2016/05/16 v1.9 Hooks at the very end of document (HO)
Package atveryend Info: \enddocument detected (standard20110627).
Package: atbegshi 2016/06/09 v1.18 At begin shipout hook (HO)
Package: refcount 2016/05/16 v3.5 Data extraction from label references (HO)
Package: hycolor 2016/05/16 v1.8 Color options for hyperref/bookmark (HO)
) ("C:\Users\pc\AppData\Local\Programs\MiKTeX 2.9\tex/latex/oberdiek\auxhook.st
y"
Package: auxhook 2016/05/16 v1.4 Hooks for auxiliary files (HO)
)
("C:\Users\pc\AppData\Local\Programs\MiKTeX 2.9\tex/latex/oberdiek\kvoptions.st
y"
Package: kvoptions 2016/05/16 v3.12 Key value format for package options (HO)
)
\@linkdim=\dimen181
\Hy@linkcounter=\count179
\Hy@pagecounter=\count180
("C:\Users\pc\AppData\Local\Programs\MiKTeX 2.9\tex/latex/hyperref\pd1enc.def"
File: pd1enc.def 2019/06/12 v6.88h Hyperref: PDFDocEncoding definition (HO)
Now handling font encoding PD1 ...
... no UTF-8 mapping file for font encoding PD1
)
\Hy@SavedSpaceFactor=\count181
("C:\Users\pc\AppData\Local\Programs\MiKTeX 2.9\tex/latex/00miktex\hyperref.cfg
"
File: hyperref.cfg 2002/06/06 v1.2 hyperref configuration of TeXLive
)
Package hyperref Info: Hyper figures OFF on input line 4550.
Package hyperref Info: Link nesting OFF on input line 4555.
Package hyperref Info: Hyper index ON on input line 4558.
Package hyperref Info: Plain pages OFF on input line 4565.
Package hyperref Info: Backreferencing OFF on input line 4570.
Package hyperref Info: Implicit mode ON; LaTeX internals redefined.
Package hyperref Info: Bookmarks ON on input line 4803.
\c@Hy@tempcnt=\count182
LaTeX Info: Redefining \url on input line 5156.
\XeTeXLinkMargin=\dimen182
\Fld@menulength=\count183
\Field@Width=\dimen183
\Fld@charsize=\dimen184
Package hyperref Info: Hyper figures OFF on input line 6411.
Package hyperref Info: Link nesting OFF on input line 6416.
Package hyperref Info: Hyper index ON on input line 6419.
Package hyperref Info: backreferencing OFF on input line 6426.
Package hyperref Info: Link coloring OFF on input line 6431.
Package hyperref Info: Link coloring with OCG OFF on input line 6436.
Package hyperref Info: PDF/A mode OFF on input line 6441.
LaTeX Info: Redefining \ref on input line 6481.
LaTeX Info: Redefining \pageref on input line 6485.
\Hy@abspage=\count184
\c@Item=\count185
\c@Hfootnote=\count186
) ("C:\Users\pc\AppData\Local\Programs\MiKTeX 2.9\tex/latex/memoir\memhfixc.sty
"
Package: memhfixc 2013/05/30 v1.17 nameref/hyperref package fixes for memoir cl
ass
\c@memhycontfloat=\count187
\c@Hpagenote=\count188
)
Package hyperref Info: Driver (autodetected): hpdftex.
("C:\Users\pc\AppData\Local\Programs\MiKTeX 2.9\tex/latex/hyperref\hpdftex.def"
File: hpdftex.def 2019/06/12 v6.88h Hyperref driver for pdfTeX
\Fld@listcount=\count189
\c@bookmark@seq@number=\count190

("C:\Users\pc\AppData\Local\Programs\MiKTeX 2.9\tex/latex/oberdiek\rerunfileche
ck.sty"
Package: rerunfilecheck 2016/05/16 v1.8 Rerun checks for auxiliary files (HO)
Package uniquecounter Info: New unique counter `rerunfilecheck' on input line 2
82.
)
\Hy@SectionHShift=\skip263
)

Package hyperref Warning: Option `pdftex' has already been used,
(hyperref)                setting the option has no effect on input line 80.

Package hyperref Info: Option `colorlinks' set `true' on input line 80.

******************************************************
Stock height and width: 794.96999pt by 614.295pt
Top and edge trims: 0pt and 0pt
Page height and width: 794.96999pt by 614.295pt
Text height and width: 610pt by 429pt
Spine and edge margins: 99.58464pt and 85.35826pt
Upper and lower margins: 99.58464pt and 85.38535pt
Headheight and headsep: 12pt and 18.06749pt
Footskip: 25.29494pt
Columnsep and columnseprule: 10pt and 0pt
Marginparsep and marginparwidth: 7pt and 71.35826pt
Sidecapsep and sidecapwidth: 7pt and 128pt
Sidebarhsep and sidebarwidth: 7pt and 128pt
Sidebarvsep and sidebartopsep: 12pt and 0pt
Sidebarheight: 548.39996pt
Sidefoothsep and sidefootwidth: 7pt and 128pt
Sidefootvsep and sidefootheight: 12pt and 548.39996pt
******************************************************

LaTeX Font Info:    Try loading font information for T1+pplx on input line 106.

("C:\Users\pc\AppData\Local\Programs\MiKTeX 2.9\tex/latex/psnfss\t1pplx.fd"
File: t1pplx.fd 2004/09/06 font definitions for T1/pplx.
)
\c@solution=\count191
\c@reponse=\count192
\c@exercice=\count193
\c@subfigure=\count194
\cftbeforesubfigureskip=\skip264
\cftsubfigureindent=\skip265
\cftsubfigurenumwidth=\skip266
("C:\Users\pc\AppData\Local\Programs\MiKTeX 2.9\tex/latex/listings\lstlang1.sty
"
File: lstlang1.sty 2019/02/27 1.8b listings language file
) ("C:\Users\pc\AppData\Local\Programs\MiKTeX 2.9\tex/latex/listings\lstlang2.s
ty"
File: lstlang2.sty 2019/02/27 1.8b listings language file
) ("C:\Users\pc\AppData\Local\Programs\MiKTeX 2.9\tex/latex/listings\lstlang3.s
ty"
File: lstlang3.sty 2019/02/27 1.8b listings language file
)
\exercices_modeles_lineaires@idxfile=\write4
\openout4 = `exercices_modeles_lineaires.idx'.

Writing index file exercices_modeles_lineaires.idx 
("C:\Users\pc\AppData\Local\Programs\MiKTeX 2.9\tex/latex/upquote\upquote.sty"
Package: upquote 2012/04/19 v1.3 upright-quote and grave-accent glyphs in verba
tim
("C:\Users\pc\AppData\Local\Programs\MiKTeX 2.9\tex/latex/base\textcomp.sty"
Package: textcomp 2018/08/11 v2.0j Standard LaTeX package
Package textcomp Info: Sub-encoding information:
(textcomp)               5 = only ISO-Adobe without \textcurrency
(textcomp)               4 = 5 + \texteuro
(textcomp)               3 = 4 + \textohm
(textcomp)               2 = 3 + \textestimated + \textcurrency
(textcomp)               1 = TS1 - \textcircled - \t
(textcomp)               0 = TS1 (full)
(textcomp)             Font families with sub-encoding setting implement
(textcomp)             only a restricted character set as indicated.
(textcomp)             Family '?' is the default used for unknown fonts.
(textcomp)             See the documentation for details.
Package textcomp Info: Setting ? sub-encoding to TS1/1 on input line 79.
("C:\Users\pc\AppData\Local\Programs\MiKTeX 2.9\tex/latex/base\ts1enc.def"
File: ts1enc.def 2001/06/05 v3.0e (jk/car/fm) Standard LaTeX file
Now handling font encoding TS1 ...
... processing UTF-8 mapping file for font encoding TS1
("C:\Users\pc\AppData\Local\Programs\MiKTeX 2.9\tex/latex/base\ts1enc.dfu"
File: ts1enc.dfu 2018/10/05 v1.2f UTF-8 support for inputenc
   defining Unicode char U+00A2 (decimal 162)
   defining Unicode char U+00A3 (decimal 163)
   defining Unicode char U+00A4 (decimal 164)
   defining Unicode char U+00A5 (decimal 165)
   defining Unicode char U+00A6 (decimal 166)
   defining Unicode char U+00A7 (decimal 167)
   defining Unicode char U+00A8 (decimal 168)
   defining Unicode char U+00A9 (decimal 169)
   defining Unicode char U+00AA (decimal 170)
   defining Unicode char U+00AC (decimal 172)
   defining Unicode char U+00AE (decimal 174)
   defining Unicode char U+00AF (decimal 175)
   defining Unicode char U+00B0 (decimal 176)
   defining Unicode char U+00B1 (decimal 177)
   defining Unicode char U+00B2 (decimal 178)
   defining Unicode char U+00B3 (decimal 179)
   defining Unicode char U+00B4 (decimal 180)
   defining Unicode char U+00B5 (decimal 181)
   defining Unicode char U+00B6 (decimal 182)
   defining Unicode char U+00B7 (decimal 183)
   defining Unicode char U+00B9 (decimal 185)
   defining Unicode char U+00BA (decimal 186)
   defining Unicode char U+00BC (decimal 188)
   defining Unicode char U+00BD (decimal 189)
   defining Unicode char U+00BE (decimal 190)
   defining Unicode char U+00D7 (decimal 215)
   defining Unicode char U+00F7 (decimal 247)
   defining Unicode char U+0192 (decimal 402)
   defining Unicode char U+02C7 (decimal 711)
   defining Unicode char U+02D8 (decimal 728)
   defining Unicode char U+02DD (decimal 733)
   defining Unicode char U+0E3F (decimal 3647)
   defining Unicode char U+2016 (decimal 8214)
   defining Unicode char U+2020 (decimal 8224)
   defining Unicode char U+2021 (decimal 8225)
   defining Unicode char U+2022 (decimal 8226)
   defining Unicode char U+2030 (decimal 8240)
   defining Unicode char U+2031 (decimal 8241)
   defining Unicode char U+203B (decimal 8251)
   defining Unicode char U+203D (decimal 8253)
   defining Unicode char U+2044 (decimal 8260)
   defining Unicode char U+204E (decimal 8270)
   defining Unicode char U+2052 (decimal 8274)
   defining Unicode char U+20A1 (decimal 8353)
   defining Unicode char U+20A4 (decimal 8356)
   defining Unicode char U+20A6 (decimal 8358)
   defining Unicode char U+20A9 (decimal 8361)
   defining Unicode char U+20AB (decimal 8363)
   defining Unicode char U+20AC (decimal 8364)
   defining Unicode char U+20B1 (decimal 8369)
   defining Unicode char U+2103 (decimal 8451)
   defining Unicode char U+2116 (decimal 8470)
   defining Unicode char U+2117 (decimal 8471)
   defining Unicode char U+211E (decimal 8478)
   defining Unicode char U+2120 (decimal 8480)
   defining Unicode char U+2122 (decimal 8482)
   defining Unicode char U+2126 (decimal 8486)
   defining Unicode char U+2127 (decimal 8487)
   defining Unicode char U+212E (decimal 8494)
   defining Unicode char U+2190 (decimal 8592)
   defining Unicode char U+2191 (decimal 8593)
   defining Unicode char U+2192 (decimal 8594)
   defining Unicode char U+2193 (decimal 8595)
   defining Unicode char U+2329 (decimal 9001)
   defining Unicode char U+232A (decimal 9002)
   defining Unicode char U+2422 (decimal 9250)
   defining Unicode char U+25E6 (decimal 9702)
   defining Unicode char U+25EF (decimal 9711)
   defining Unicode char U+266A (decimal 9834)
   defining Unicode char U+FEFF (decimal 65279)
))
LaTeX Info: Redefining \oldstylenums on input line 334.
Package textcomp Info: Setting cmr sub-encoding to TS1/0 on input line 349.
Package textcomp Info: Setting cmss sub-encoding to TS1/0 on input line 350.
Package textcomp Info: Setting cmtt sub-encoding to TS1/0 on input line 351.
Package textcomp Info: Setting cmvtt sub-encoding to TS1/0 on input line 352.
Package textcomp Info: Setting cmbr sub-encoding to TS1/0 on input line 353.
Package textcomp Info: Setting cmtl sub-encoding to TS1/0 on input line 354.
Package textcomp Info: Setting ccr sub-encoding to TS1/0 on input line 355.
Package textcomp Info: Setting ptm sub-encoding to TS1/4 on input line 356.
Package textcomp Info: Setting pcr sub-encoding to TS1/4 on input line 357.
Package textcomp Info: Setting phv sub-encoding to TS1/4 on input line 358.
Package textcomp Info: Setting ppl sub-encoding to TS1/3 on input line 359.
Package textcomp Info: Setting pag sub-encoding to TS1/4 on input line 360.
Package textcomp Info: Setting pbk sub-encoding to TS1/4 on input line 361.
Package textcomp Info: Setting pnc sub-encoding to TS1/4 on input line 362.
Package textcomp Info: Setting pzc sub-encoding to TS1/4 on input line 363.
Package textcomp Info: Setting bch sub-encoding to TS1/4 on input line 364.
Package textcomp Info: Setting put sub-encoding to TS1/5 on input line 365.
Package textcomp Info: Setting uag sub-encoding to TS1/5 on input line 366.
Package textcomp Info: Setting ugq sub-encoding to TS1/5 on input line 367.
Package textcomp Info: Setting ul8 sub-encoding to TS1/4 on input line 368.
Package textcomp Info: Setting ul9 sub-encoding to TS1/4 on input line 369.
Package textcomp Info: Setting augie sub-encoding to TS1/5 on input line 370.
Package textcomp Info: Setting dayrom sub-encoding to TS1/3 on input line 371.
Package textcomp Info: Setting dayroms sub-encoding to TS1/3 on input line 372.

Package textcomp Info: Setting pxr sub-encoding to TS1/0 on input line 373.
Package textcomp Info: Setting pxss sub-encoding to TS1/0 on input line 374.
Package textcomp Info: Setting pxtt sub-encoding to TS1/0 on input line 375.
Package textcomp Info: Setting txr sub-encoding to TS1/0 on input line 376.
Package textcomp Info: Setting txss sub-encoding to TS1/0 on input line 377.
Package textcomp Info: Setting txtt sub-encoding to TS1/0 on input line 378.
Package textcomp Info: Setting lmr sub-encoding to TS1/0 on input line 379.
Package textcomp Info: Setting lmdh sub-encoding to TS1/0 on input line 380.
Package textcomp Info: Setting lmss sub-encoding to TS1/0 on input line 381.
Package textcomp Info: Setting lmssq sub-encoding to TS1/0 on input line 382.
Package textcomp Info: Setting lmvtt sub-encoding to TS1/0 on input line 383.
Package textcomp Info: Setting lmtt sub-encoding to TS1/0 on input line 384.
Package textcomp Info: Setting qhv sub-encoding to TS1/0 on input line 385.
Package textcomp Info: Setting qag sub-encoding to TS1/0 on input line 386.
Package textcomp Info: Setting qbk sub-encoding to TS1/0 on input line 387.
Package textcomp Info: Setting qcr sub-encoding to TS1/0 on input line 388.
Package textcomp Info: Setting qcs sub-encoding to TS1/0 on input line 389.
Package textcomp Info: Setting qpl sub-encoding to TS1/0 on input line 390.
Package textcomp Info: Setting qtm sub-encoding to TS1/0 on input line 391.
Package textcomp Info: Setting qzc sub-encoding to TS1/0 on input line 392.
Package textcomp Info: Setting qhvc sub-encoding to TS1/0 on input line 393.
Package textcomp Info: Setting futs sub-encoding to TS1/4 on input line 394.
Package textcomp Info: Setting futx sub-encoding to TS1/4 on input line 395.
Package textcomp Info: Setting futj sub-encoding to TS1/4 on input line 396.
Package textcomp Info: Setting hlh sub-encoding to TS1/3 on input line 397.
Package textcomp Info: Setting hls sub-encoding to TS1/3 on input line 398.
Package textcomp Info: Setting hlst sub-encoding to TS1/3 on input line 399.
Package textcomp Info: Setting hlct sub-encoding to TS1/5 on input line 400.
Package textcomp Info: Setting hlx sub-encoding to TS1/5 on input line 401.
Package textcomp Info: Setting hlce sub-encoding to TS1/5 on input line 402.
Package textcomp Info: Setting hlcn sub-encoding to TS1/5 on input line 403.
Package textcomp Info: Setting hlcw sub-encoding to TS1/5 on input line 404.
Package textcomp Info: Setting hlcf sub-encoding to TS1/5 on input line 405.
Package textcomp Info: Setting pplx sub-encoding to TS1/3 on input line 406.
Package textcomp Info: Setting pplj sub-encoding to TS1/3 on input line 407.
Package textcomp Info: Setting ptmx sub-encoding to TS1/4 on input line 408.
Package textcomp Info: Setting ptmj sub-encoding to TS1/4 on input line 409.
)) (exercices_modeles_lineaires.aux (pagetitre.aux) (introduction.aux) (solutio
ns.aux))
\openout1 = `exercices_modeles_lineaires.aux'.

LaTeX Font Info:    Checking defaults for OML/cmm/m/it on input line 245.
LaTeX Font Info:    ... okay on input line 245.
LaTeX Font Info:    Checking defaults for T1/cmr/m/n on input line 245.
LaTeX Font Info:    ... okay on input line 245.
LaTeX Font Info:    Checking defaults for OT1/cmr/m/n on input line 245.
LaTeX Font Info:    ... okay on input line 245.
LaTeX Font Info:    Checking defaults for OMS/pzccm/m/n on input line 245.
LaTeX Font Info:    Try loading font information for OMS+pzccm on input line 24
5.
("C:\Users\pc\AppData\Local\Programs\MiKTeX 2.9\tex/latex/psnfss\omspzccm.fd"
File: omspzccm.fd 2000/01/03 Fontinst v1.801 font definitions for OMS/pzccm.
)
LaTeX Font Info:    ... okay on input line 245.
LaTeX Font Info:    Checking defaults for OMX/cmex/m/n on input line 245.
LaTeX Font Info:    ... okay on input line 245.
LaTeX Font Info:    Checking defaults for U/cmr/m/n on input line 245.
LaTeX Font Info:    ... okay on input line 245.
LaTeX Font Info:    Checking defaults for LMR/hlcm/m/n on input line 245.
LaTeX Font Info:    Try loading font information for LMR+hlcm on input line 245
.
("C:\Users\pc\AppData\Local\Programs\MiKTeX 2.9\tex/latex/psnfssx\lmrhlcm.fd"
File: lmrhlcm.fd 2005/11/28 v4.3 Lucida New Math Arrows (SPQR/DPC/TUG)
)
LaTeX Font Info:    ... okay on input line 245.
LaTeX Font Info:    Checking defaults for PD1/pdf/m/n on input line 245.
LaTeX Font Info:    ... okay on input line 245.
LaTeX Font Info:    Checking defaults for TS1/cmr/m/n on input line 245.
LaTeX Font Info:    Try loading font information for TS1+cmr on input line 245.

("C:\Users\pc\AppData\Local\Programs\MiKTeX 2.9\tex/latex/base\ts1cmr.fd"
File: ts1cmr.fd 2014/09/29 v2.5h Standard LaTeX font definitions
)
LaTeX Font Info:    ... okay on input line 245.

("C:\Users\pc\AppData\Local\Programs\MiKTeX 2.9\tex/context/base/mkii\supp-pdf.
mkii"
[Loading MPS to PDF converter (version 2006.09.02).]
\scratchcounter=\count266
\scratchdimen=\dimen185
\scratchbox=\box39
\nofMPsegments=\count267
\nofMParguments=\count268
\everyMPshowfont=\toks44
\MPscratchCnt=\count269
\MPscratchDim=\dimen186
\MPnumerator=\count270
\makeMPintoPDFobject=\count271
\everyMPtoPDFconversion=\toks45
)
("C:\Users\pc\AppData\Local\Programs\MiKTeX 2.9\tex/latex/oberdiek\epstopdf-bas
e.sty"
Package: epstopdf-base 2016/05/15 v2.6 Base part for package epstopdf
("C:\Users\pc\AppData\Local\Programs\MiKTeX 2.9\tex/latex/oberdiek\grfext.sty"
Package: grfext 2016/05/16 v1.2 Manage graphics extensions (HO)
)
Package epstopdf-base Info: Redefining graphics rule for `.eps' on input line 4
38.
Package grfext Info: Graphics extension search list:
(grfext)             [.pdf,.png,.jpg,.mps,.jpeg,.jbig2,.jb2,.PDF,.PNG,.JPG,.JPE
G,.JBIG2,.JB2,.eps]
(grfext)             \AppendGraphicsExtensions on input line 456.
)
LaTeX Info: Redefining \degres on input line 245.
LaTeX Info: Redefining \dots on input line 245.
Package french.ldf Info: Setting StandardItemizeEnv=true for
(french.ldf)             compatibility with paralist package,
(french.ldf)             reported on input line 245.
Package french.ldf Info: Setting StandardEnumerateEnv=true for
(french.ldf)             compatibility with paralist package,
(french.ldf)             reported on input line 245.
LaTeX Info: Redefining \up on input line 245.
ABD: EveryShipout initializing macros
\c@lstlisting=\count272
\AtBeginShipoutBox=\box40
Package hyperref Info: Link coloring ON on input line 245.
("C:\Users\pc\AppData\Local\Programs\MiKTeX 2.9\tex/latex/hyperref\nameref.sty"
Package: nameref 2016/05/21 v2.44 Cross-referencing by name of section

("C:\Users\pc\AppData\Local\Programs\MiKTeX 2.9\tex/generic/oberdiek\gettitlest
ring.sty"
Package: gettitlestring 2016/05/16 v1.5 Cleanup title references (HO)
)
\c@section@level=\count273
)
Redoing nameref's sectioning
Redoing nameref's label
LaTeX Info: Redefining \nameref on input line 245.
LaTeX Info: Redefining \ref on input line 245.
LaTeX Info: Redefining \pageref on input line 245.
LaTeX Info: Redefining \nameref on input line 245.
(exercices_modeles_lineaires.out) (exercices_modeles_lineaires.out)
\@outlinefile=\write5
\openout5 = `exercices_modeles_lineaires.out'.

\openout2 = `pagetitre.aux'.

(pagetitre.tex
\gauche=\skip267
\ruleheight=\skip268
TextBlockOrigin set to 0mm x 279mm
LaTeX Font Info:    Font shape `T1/phv/m/n' will be
(Font)              scaled to size 8.99994pt on input line 33.
LaTeX Font Warning: Font shape `T1/phv/ub/n' undefined
(Font)              using `T1/phv/m/n' instead on input line 33.
LaTeX Font Info:    Font shape `T1/phv/ub/n' will be
(Font)              scaled to size 22.39185pt on input line 36.
LaTeX Font Info:    Font shape `T1/phv/ub/n' will be
(Font)              scaled to size 15.55188pt on input line 36.
LaTeX Font Info:    Font shape `T1/phv/m/n' will be
(Font)              scaled to size 15.55188pt on input line 36.
[1



{C:/Users/pc/AppData/Local/MiKTeX/2.9/pdftex/config/pdftex.map}] [2

]
LaTeX Font Info:    Font shape `T1/phv/ub/n' will be
(Font)              scaled to size 8.99994pt on input line 45.
LaTeX Font Info:    Font shape `T1/phv/b/n' will be
(Font)              scaled to size 15.55188pt on input line 49.
LaTeX Font Info:    Font shape `T1/phv/b/n' will be
(Font)              scaled to size 12.9599pt on input line 51.
LaTeX Font Info:    Font shape `T1/phv/b/n' will be
(Font)              scaled to size 9.85492pt on input line 51.
[3]
LaTeX Font Info:    Try loading font information for TS1+pplx on input line 66.

("C:\Users\pc\AppData\Local\Programs\MiKTeX 2.9\tex/latex/psnfss\ts1pplx.fd"
File: ts1pplx.fd 2004/09/06 font definitions for TS1/pplx.
)
Underfull \hbox (badness 10000) in paragraph at lines 66--67

 []

<cc-by-sa.jpg, id=54, 622.325pt x 207.77625pt>
File: cc-by-sa.jpg Graphic file (type jpg)
<use cc-by-sa.jpg>
Package pdftex.def Info: cc-by-sa.jpg  used on input line 70.
(pdftex.def)             Requested size: 59.65326pt x 19.91692pt.
LaTeX Font Info:    Try loading font information for OT1+pplx on input line 74.

("C:\Users\pc\AppData\Local\Programs\MiKTeX 2.9\tex/latex/psnfss\ot1pplx.fd"
File: ot1pplx.fd 2004/09/06 font definitions for OT1/pplx.
)
LaTeX Font Info:    Try loading font information for OML+zplm on input line 74.

("C:\Users\pc\AppData\Local\Programs\MiKTeX 2.9\tex/latex/psnfss\omlzplm.fd"
File: omlzplm.fd 2002/09/08 Fontinst v1.914 font definitions for OML/zplm.
)
LaTeX Font Info:    Try loading font information for OMS+zplm on input line 74.

("C:\Users\pc\AppData\Local\Programs\MiKTeX 2.9\tex/latex/psnfss\omszplm.fd"
File: omszplm.fd 2002/09/08 Fontinst v1.914 font definitions for OMS/zplm.
)
LaTeX Font Info:    Try loading font information for OMX+zplm on input line 74.

("C:\Users\pc\AppData\Local\Programs\MiKTeX 2.9\tex/latex/psnfss\omxzplm.fd"
File: omxzplm.fd 2002/09/08 Fontinst v1.914 font definitions for OMX/zplm.
)
LaTeX Font Info:    Font shape `LMR/hlcm/m/n' will be
(Font)              scaled to size 8.64006pt on input line 74.
LaTeX Font Info:    Font shape `LMR/hlcm/m/n' will be
(Font)              scaled to size 6.93004pt on input line 74.
LaTeX Font Info:    Font shape `LMR/hlcm/m/n' will be
(Font)              scaled to size 5.19997pt on input line 74.
LaTeX Font Info:    Font shape `OT1/ptm/bx/n' in size <9> not available
(Font)              Font shape `OT1/ptm/b/n' tried instead on input line 74.
LaTeX Font Info:    Font shape `OT1/ptm/bx/n' in size <7> not available
(Font)              Font shape `OT1/ptm/b/n' tried instead on input line 74.
LaTeX Font Info:    Font shape `OT1/ptm/bx/n' in size <5> not available
(Font)              Font shape `OT1/ptm/b/n' tried instead on input line 74.
LaTeX Font Info:    Try loading font information for OT1+zplm on input line 74.

("C:\Users\pc\AppData\Local\Programs\MiKTeX 2.9\tex/latex/psnfss\ot1zplm.fd"
File: ot1zplm.fd 2002/09/08 Fontinst v1.914 font definitions for OT1/zplm.
)
LaTeX Font Info:    Font shape `U/msa/m/n' will be
(Font)              scaled to size 9.37807pt on input line 74.
LaTeX Font Info:    Font shape `U/msa/m/n' will be
(Font)              scaled to size 7.29405pt on input line 74.
LaTeX Font Info:    Font shape `U/msa/m/n' will be
(Font)              scaled to size 5.21004pt on input line 74.
LaTeX Font Info:    Font shape `U/msb/m/n' will be
(Font)              scaled to size 9.37807pt on input line 74.
LaTeX Font Info:    Font shape `U/msb/m/n' will be
(Font)              scaled to size 7.29405pt on input line 74.
LaTeX Font Info:    Font shape `U/msb/m/n' will be
(Font)              scaled to size 5.21004pt on input line 74.
[4

 <./cc-by-sa.jpg>])
\openout2 = `introduction.aux'.

(introduction.tex

LaTeX Warning: Reference `chap:regression' on page v undefined on input line 14
.


Package natbib Warning: Citation `Goulet:introS:2007' on page v undefined on in
put line 17.


LaTeX Warning: Reference `chap:regression:exemples' on page v undefined on inpu
t line 20.


LaTeX Warning: Reference `chap:elements' on page v undefined on input line 22.


Overfull \hbox (10.26663pt too wide) in paragraph at lines 32--35
\T1/pplx/m/n/10 Ces jeux de don-nes sont im-por-ts dans \T1/phv/ub/n/10 R \T1
/pplx/m/n/10 avec l'une ou l'autre des com-mandes \T1/pcr/m/n/10 scan \T1/pplx/
m/n/10 ou \T1/pcr/m/n/10 read.table\T1/pplx/m/n/10 .
 []

LaTeX Font Info:    Font shape `LMR/hlcm/m/n' will be
(Font)              scaled to size 9.49997pt on input line 40.
LaTeX Font Info:    Font shape `LMR/hlcm/m/n' will be
(Font)              scaled to size 7.37201pt on input line 40.
LaTeX Font Info:    Font shape `LMR/hlcm/m/n' will be
(Font)              scaled to size 6.12003pt on input line 40.
LaTeX Font Info:    Font shape `OT1/ptm/bx/n' in size <10> not available
(Font)              Font shape `OT1/ptm/b/n' tried instead on input line 40.
LaTeX Font Info:    Font shape `OT1/ptm/bx/n' in size <7.6> not available
(Font)              Font shape `OT1/ptm/b/n' tried instead on input line 40.
LaTeX Font Info:    Font shape `OT1/ptm/bx/n' in size <6> not available
(Font)              Font shape `OT1/ptm/b/n' tried instead on input line 40.
LaTeX Font Info:    Font shape `U/msa/m/n' will be
(Font)              scaled to size 10.42007pt on input line 40.
LaTeX Font Info:    Font shape `U/msa/m/n' will be
(Font)              scaled to size 7.91925pt on input line 40.
LaTeX Font Info:    Font shape `U/msa/m/n' will be
(Font)              scaled to size 6.25204pt on input line 40.
LaTeX Font Info:    Font shape `U/msb/m/n' will be
(Font)              scaled to size 10.42007pt on input line 40.
LaTeX Font Info:    Font shape `U/msb/m/n' will be
(Font)              scaled to size 7.91925pt on input line 40.
LaTeX Font Info:    Font shape `U/msb/m/n' will be
(Font)              scaled to size 6.25204pt on input line 40.
) [5




] [6


] (exercices_modeles_lineaires.toc
LaTeX Font Info:    Font shape `LMR/hlcm/m/n' will be
(Font)              scaled to size 10.29301pt on input line 4.
LaTeX Font Info:    Font shape `LMR/hlcm/m/n' will be
(Font)              scaled to size 7.76001pt on input line 4.
LaTeX Font Info:    Font shape `OT1/ptm/bx/n' in size <10.95> not available
(Font)              Font shape `OT1/ptm/b/n' tried instead on input line 4.
LaTeX Font Info:    Font shape `OT1/ptm/bx/n' in size <8> not available
(Font)              Font shape `OT1/ptm/b/n' tried instead on input line 4.
LaTeX Font Info:    Font shape `U/msa/m/n' will be
(Font)              scaled to size 11.40997pt on input line 4.
LaTeX Font Info:    Font shape `U/msa/m/n' will be
(Font)              scaled to size 8.33606pt on input line 4.
LaTeX Font Info:    Font shape `U/msb/m/n' will be
(Font)              scaled to size 11.40997pt on input line 4.
LaTeX Font Info:    Font shape `U/msb/m/n' will be
(Font)              scaled to size 8.33606pt on input line 4.

LaTeX Warning: Reference `chap:multiple' on page vii undefined on input line 8.



LaTeX Warning: Reference `chap:selection' on page vii undefined on input line 9
.


LaTeX Warning: Reference `chap:glm' on page vii undefined on input line 10.


LaTeX Warning: Reference `chap:comptage' on page vii undefined on input line 11
.

) [7] [8

] [1

] [2]
Output from handle reponses going to reponses-simple.tex
\reponses@file=\write6
\openout6 = `reponses-simple.tex'.

Output from handle solutions going to solutions-simple.tex
\solutions@file=\write7
\openout7 = `solutions-simple.tex'.


Underfull \hbox (badness 10000) in paragraph at lines 512--513

 []

[3

] [4] [5] [6]
Package color Info: Redefining color shadecolor on input line 1705.
[7]
LaTeX Font Info:    Try loading font information for U+fplmbb on input line 206
8.
("C:\Users\pc\AppData\Local\Programs\MiKTeX 2.9\tex/latex/psnfss\ufplmbb.fd"
File: ufplmbb.fd 2003/10/30 Fontinst v1.914 font definitions for U/fplmbb.
) (reponses-simple.tex [8]) [9]
\openout2 = `solutions.aux'.

(solutions.tex [10


] (solutions-simple.tex
Package color Info: Redefining color shadecolor on input line 11.
<figure/fig-simple-base-1.pdf, id=241, 361.35pt x 361.35pt>
File: figure/fig-simple-base-1.pdf Graphic file (type pdf)
<use figure/fig-simple-base-1.pdf>
Package pdftex.def Info: figure/fig-simple-base-1.pdf  used on input line 19.
(pdftex.def)             Requested size: 193.04869pt x 193.04741pt.

Underfull \vbox (badness 10000) has occurred while \output is active []

[11 <./figure/fig-simple-base-1.pdf>]
Package color Info: Redefining color shadecolor on input line 93.
[12]
Package color Info: Redefining color shadecolor on input line 114.
Package color Info: Redefining color shadecolor on input line 121.
<figure/fig-unnamed-chunk-5-1.pdf, id=269, 361.35pt x 361.35pt>
File: figure/fig-unnamed-chunk-5-1.pdf Graphic file (type pdf)
<use figure/fig-unnamed-chunk-5-1.pdf>
Package pdftex.def Info: figure/fig-unnamed-chunk-5-1.pdf  used on input line 1
23.
(pdftex.def)             Requested size: 193.04869pt x 193.04741pt.
Package color Info: Redefining color shadecolor on input line 139.
Package color Info: Redefining color shadecolor on input line 154.

Underfull \vbox (badness 10000) has occurred while \output is active []

[13 <./figure/fig-unnamed-chunk-5-1.pdf>]
Package color Info: Redefining color shadecolor on input line 221.
<figure/fig-unnamed-chunk-9-1.pdf, id=287, 361.35pt x 361.35pt>
File: figure/fig-unnamed-chunk-9-1.pdf Graphic file (type pdf)
<use figure/fig-unnamed-chunk-9-1.pdf>
Package pdftex.def Info: figure/fig-unnamed-chunk-9-1.pdf  used on input line 2
28.
(pdftex.def)             Requested size: 193.04869pt x 193.04741pt.
Package color Info: Redefining color shadecolor on input line 241.
[14]
Package color Info: Redefining color shadecolor on input line 260.
Package color Info: Redefining color shadecolor on input line 267.
<figure/fig-unnamed-chunk-12-1.pdf, id=298, 361.35pt x 361.35pt>
File: figure/fig-unnamed-chunk-12-1.pdf Graphic file (type pdf)
<use figure/fig-unnamed-chunk-12-1.pdf>
Package pdftex.def Info: figure/fig-unnamed-chunk-12-1.pdf  used on input line 
269.
(pdftex.def)             Requested size: 193.04869pt x 193.04741pt.
Package color Info: Redefining color shadecolor on input line 283.
LaTeX Font Info:    Try loading font information for TS1+pcr on input line 302.

("C:\Users\pc\AppData\Local\Programs\MiKTeX 2.9\tex/latex/psnfss\ts1pcr.fd"
File: ts1pcr.fd 2001/06/04 font definitions for TS1/pcr.
) [15 <./figure/fig-unnamed-chunk-9-1.pdf>]
Package color Info: Redefining color shadecolor on input line 316.
[16 <./figure/fig-unnamed-chunk-12-1.pdf>]
Underfull \vbox (badness 1546) has occurred while \output is active []

[17] [18] [19]
Underfull \vbox (badness 7558) has occurred while \output is active []

[20]
Underfull \vbox (badness 2538) has occurred while \output is active []

[21]
Overfull \hbox (48.47054pt too wide) in paragraph at lines 634--639
[]\T1/pplx/m/n/10 Considrons un mo-dle de r-gres-sion usuel avec l'en-semble
 de don-nes $\OT1/zplm/m/n/10 (\OML/zplm/m/it/10 X[]\OT1/pplx/m/n/10 , \OML/zp
lm/m/it/10 Y[]\OT1/zplm/m/n/10 )\OT1/pplx/m/n/10 , [] , \OT1/zplm/m/n/10 (\OML/
zplm/m/it/10 X[]\OT1/pplx/m/n/10 , \OML/zplm/m/it/10 Y[]\OT1/zplm/m/n/10 )\OT1/
pplx/m/n/10 , \OT1/zplm/m/n/10 (\OML/zplm/m/it/10 m[]\OT1/pplx/m/n/10 , \OML/zp
lm/m/it/10 m[]\OT1/zplm/m/n/10 )$\T1/pplx/m/n/10 ,
 []

[22]
Package color Info: Redefining color shadecolor on input line 685.
<figure/fig-unnamed-chunk-16-1.pdf, id=357, 361.35pt x 361.35pt>
File: figure/fig-unnamed-chunk-16-1.pdf Graphic file (type pdf)
<use figure/fig-unnamed-chunk-16-1.pdf>
Package pdftex.def Info: figure/fig-unnamed-chunk-16-1.pdf  used on input line 
687.
(pdftex.def)             Requested size: 193.04869pt x 193.04741pt.
[23 <./figure/fig-unnamed-chunk-16-1.pdf>] [24] [25] [26] [27]
Package color Info: Redefining color shadecolor on input line 1020.
Package color Info: Redefining color shadecolor on input line 1034.
<figure/fig-unnamed-chunk-19-1.pdf, id=393, 361.35pt x 361.35pt>
File: figure/fig-unnamed-chunk-19-1.pdf Graphic file (type pdf)
<use figure/fig-unnamed-chunk-19-1.pdf>
Package pdftex.def Info: figure/fig-unnamed-chunk-19-1.pdf  used on input line 
1041.
(pdftex.def)             Requested size: 193.04869pt x 193.04741pt.
Package color Info: Redefining color shadecolor on input line 1055.
[28]
Package color Info: Redefining color shadecolor on input line 1094.

Overfull \hbox (3.92966pt too wide) in paragraph at lines 1091--1094
[]\T1/pplx/m/n/10 On cal-cule les bornes de l'in-ter-valle de confiance de la r
-gres-sion avec la fonc-tion \T1/pcr/m/n/10 predict \T1/pplx/m/n/10 :
 []

[29 <./figure/fig-unnamed-chunk-19-1.pdf>]
Package color Info: Redefining color shadecolor on input line 1106.
<figure/fig-unnamed-chunk-22-1.pdf, id=415, 361.35pt x 361.35pt>
File: figure/fig-unnamed-chunk-22-1.pdf Graphic file (type pdf)
<use figure/fig-unnamed-chunk-22-1.pdf>
Package pdftex.def Info: figure/fig-unnamed-chunk-22-1.pdf  used on input line 
1116.
(pdftex.def)             Requested size: 193.04869pt x 193.04741pt.
Package color Info: Redefining color shadecolor on input line 1129.
[30 <./figure/fig-unnamed-chunk-22-1.pdf>]
Package color Info: Redefining color shadecolor on input line 1172.
<figure/fig-unnamed-chunk-24-1.pdf, id=429, 361.35pt x 361.35pt>
File: figure/fig-unnamed-chunk-24-1.pdf Graphic file (type pdf)
<use figure/fig-unnamed-chunk-24-1.pdf>
Package pdftex.def Info: figure/fig-unnamed-chunk-24-1.pdf  used on input line 
1182.
(pdftex.def)             Requested size: 193.04869pt x 193.04741pt.
Package color Info: Redefining color shadecolor on input line 1202.
Package color Info: Redefining color shadecolor on input line 1214.
[31 <./figure/fig-unnamed-chunk-24-1.pdf>]
Package color Info: Redefining color shadecolor on input line 1256.
[32] [33]
Package color Info: Redefining color shadecolor on input line 1334.
<figure/fig-unnamed-chunk-30-1.pdf, id=459, 505.89pt x 361.35pt>
File: figure/fig-unnamed-chunk-30-1.pdf Graphic file (type pdf)
<use figure/fig-unnamed-chunk-30-1.pdf>
Package pdftex.def Info: figure/fig-unnamed-chunk-30-1.pdf  used on input line 
1336.
(pdftex.def)             Requested size: 193.04869pt x 137.89337pt.
Package color Info: Redefining color shadecolor on input line 1349.
[34 <./figure/fig-unnamed-chunk-30-1.pdf>]
Package color Info: Redefining color shadecolor on input line 1379.

LaTeX Warning: Reference `qqplot3b' on page 35 undefined on input line 1401.

Package color Info: Redefining color shadecolor on input line 1406.
<figure/fig-unnamed-chunk-33-1.pdf, id=473, 505.89pt x 361.35pt>
File: figure/fig-unnamed-chunk-33-1.pdf Graphic file (type pdf)
<use figure/fig-unnamed-chunk-33-1.pdf>
Package pdftex.def Info: figure/fig-unnamed-chunk-33-1.pdf  used on input line 
1408.
(pdftex.def)             Requested size: 193.04869pt x 137.89337pt.
Package color Info: Redefining color shadecolor on input line 1423.
<figure/fig-unnamed-chunk-34-1.pdf, id=474, 505.89pt x 361.35pt>
File: figure/fig-unnamed-chunk-34-1.pdf Graphic file (type pdf)
<use figure/fig-unnamed-chunk-34-1.pdf>
Package pdftex.def Info: figure/fig-unnamed-chunk-34-1.pdf  used on input line 
1425.
(pdftex.def)             Requested size: 193.04869pt x 137.89337pt.
Package color Info: Redefining color shadecolor on input line 1442.
[35 <./figure/fig-unnamed-chunk-33-1.pdf>]
Package color Info: Redefining color shadecolor on input line 1453.
<figure/fig-unnamed-chunk-36-1.pdf, id=491, 722.7pt x 361.35pt>
File: figure/fig-unnamed-chunk-36-1.pdf Graphic file (type pdf)
<use figure/fig-unnamed-chunk-36-1.pdf>
Package pdftex.def Info: figure/fig-unnamed-chunk-36-1.pdf  used on input line 
1455.
(pdftex.def)             Requested size: 193.04869pt x 96.5237pt.
Package color Info: Redefining color shadecolor on input line 1468.
[36 <./figure/fig-unnamed-chunk-34-1.pdf> <./figure/fig-unnamed-chunk-36-1.pdf>
]
Package color Info: Redefining color shadecolor on input line 1503.
<figure/fig-unnamed-chunk-38-1.pdf, id=511, 505.89pt x 361.35pt>
File: figure/fig-unnamed-chunk-38-1.pdf Graphic file (type pdf)
<use figure/fig-unnamed-chunk-38-1.pdf>
Package pdftex.def Info: figure/fig-unnamed-chunk-38-1.pdf  used on input line 
1505.
(pdftex.def)             Requested size: 193.04869pt x 137.89337pt.
Package color Info: Redefining color shadecolor on input line 1519.
[37 <./figure/fig-unnamed-chunk-38-1.pdf>]
Package color Info: Redefining color shadecolor on input line 1548.
<figure/fig-unnamed-chunk-40-1.pdf, id=525, 505.89pt x 361.35pt>
File: figure/fig-unnamed-chunk-40-1.pdf Graphic file (type pdf)
<use figure/fig-unnamed-chunk-40-1.pdf>
Package pdftex.def Info: figure/fig-unnamed-chunk-40-1.pdf  used on input line 
1550.
(pdftex.def)             Requested size: 193.04869pt x 137.89337pt.
Package color Info: Redefining color shadecolor on input line 1564.
<figure/fig-unnamed-chunk-41-1.pdf, id=526, 505.89pt x 361.35pt>
File: figure/fig-unnamed-chunk-41-1.pdf Graphic file (type pdf)
<use figure/fig-unnamed-chunk-41-1.pdf>
Package pdftex.def Info: figure/fig-unnamed-chunk-41-1.pdf  used on input line 
1566.
(pdftex.def)             Requested size: 193.04869pt x 137.89337pt.
) (solutions-multiple.tex

LaTeX Warning: Reference `chap:multiple' on page 38 undefined on input line 1.


LaTeX Warning: Reference `thm:elements:derivee_fonction' on page 38 undefined o
n input line 6.


LaTeX Warning: Reference `chap:elements' on page 38 undefined on input line 7.

[38 <./figure/fig-unnamed-chunk-40-1.pdf> <./figure/fig-unnamed-chunk-41-1.pdf>
] [39] [40]

Package natbib Warning: Citation `Draper:regression:1998' on page 41 undefined 
on input line 283.

[41]

LaTeX Warning: Reference `thm:elements:esp_var' on page 42 undefined on input l
ine 336.

[42] [43] [44]
Package color Info: Redefining color shadecolor on input line 554.
Package color Info: Redefining color shadecolor on input line 567.
[45]
Package color Info: Redefining color shadecolor on input line 620.
Package color Info: Redefining color shadecolor on input line 650.
[46]
Package color Info: Redefining color shadecolor on input line 698.
[47] [48] [49] [50]

LaTeX Warning: Reference `thm:elements:esp_var' on page 51 undefined on input l
ine 957.

[51]
Package color Info: Redefining color shadecolor on input line 1024.
<figure/unnamed-chunk-56-1.pdf, id=641, 505.89pt x 505.89pt>
File: figure/unnamed-chunk-56-1.pdf Graphic file (type pdf)
<use figure/unnamed-chunk-56-1.pdf>
Package pdftex.def Info: figure/unnamed-chunk-56-1.pdf  used on input line 1029
.
(pdftex.def)             Requested size: 429.0pt x 429.00502pt.

LaTeX Warning: Reference `chap:multiple' on page 52 undefined on input line 103
3.


LaTeX Warning: Reference `ex:multiple:quadratique' on page 52 undefined on inpu
t line 1033.


LaTeX Warning: Reference `chap:multiple' on page 52 undefined on input line 103
3.


LaTeX Warning: Reference `ex:multiple:quadratique' on page 52 undefined on inpu
t line 1033.

Package color Info: Redefining color shadecolor on input line 1039.
Package color Info: Redefining color shadecolor on input line 1096.
<figure/unnamed-chunk-58-1.pdf, id=643, 505.89pt x 505.89pt>
File: figure/unnamed-chunk-58-1.pdf Graphic file (type pdf)
<use figure/unnamed-chunk-58-1.pdf>
Package pdftex.def Info: figure/unnamed-chunk-58-1.pdf  used on input line 1103
.
(pdftex.def)             Requested size: 429.0pt x 429.00502pt.

LaTeX Warning: Reference `chap:multiple' on page 52 undefined on input line 110
8.


LaTeX Warning: Reference `ex:multiple:quadratique' on page 52 undefined on inpu
t line 1108.


LaTeX Warning: Reference `chap:multiple' on page 52 undefined on input line 110
8.


LaTeX Warning: Reference `ex:multiple:quadratique' on page 52 undefined on inpu
t line 1108.

[52] [53 <./figure/unnamed-chunk-56-1.pdf>]
Package color Info: Redefining color shadecolor on input line 1120.
<figure/unnamed-chunk-60-1.pdf, id=663, 505.89pt x 505.89pt>
File: figure/unnamed-chunk-60-1.pdf Graphic file (type pdf)
<use figure/unnamed-chunk-60-1.pdf>
Package pdftex.def Info: figure/unnamed-chunk-60-1.pdf  used on input line 1126
.
(pdftex.def)             Requested size: 429.0pt x 429.00502pt.

LaTeX Warning: Reference `chap:multiple' on page 54 undefined on input line 113
1.


LaTeX Warning: Reference `ex:multiple:pondere' on page 54 undefined on input li
ne 1131.


LaTeX Warning: Reference `chap:multiple' on page 54 undefined on input line 113
1.


LaTeX Warning: Reference `ex:multiple:pondere' on page 54 undefined on input li
ne 1131.

Package color Info: Redefining color shadecolor on input line 1137.
[54 <./figure/unnamed-chunk-58-1.pdf>] [55 <./figure/unnamed-chunk-60-1.pdf>]
Package color Info: Redefining color shadecolor on input line 1160.
Package color Info: Redefining color shadecolor on input line 1180.

Overfull \hbox (0.53084pt too wide) in paragraph at lines 1177--1180
[]\T1/pplx/m/n/10 On r-pte la pro-c-dure en b) avec un poids de en-core plus
 pe-tit pour la don-ne $\OT1/zplm/m/n/10 (\OML/zplm/m/it/10 X[]\OT1/pplx/m/n/1
0 , \OML/zplm/m/it/10 Y[]\OT1/zplm/m/n/10 )$ \T1/pplx/m/n/10 :
 []

Package color Info: Redefining color shadecolor on input line 1202.
<figure/unnamed-chunk-64-1.pdf, id=687, 505.89pt x 505.89pt>
File: figure/unnamed-chunk-64-1.pdf Graphic file (type pdf)
<use figure/unnamed-chunk-64-1.pdf>
Package pdftex.def Info: figure/unnamed-chunk-64-1.pdf  used on input line 1213
.
(pdftex.def)             Requested size: 429.0pt x 429.00502pt.

LaTeX Warning: Reference `chap:multiple' on page 56 undefined on input line 121
9.


LaTeX Warning: Reference `ex:multiple:pondere' on page 56 undefined on input li
ne 1219.


LaTeX Warning: Reference `chap:multiple' on page 56 undefined on input line 121
9.


LaTeX Warning: Reference `ex:multiple:pondere' on page 56 undefined on input li
ne 1219.

Package color Info: Redefining color shadecolor on input line 1234.
<figure/unnamed-chunk-66-1.pdf, id=689, 505.89pt x 505.89pt>
File: figure/unnamed-chunk-66-1.pdf Graphic file (type pdf)
<use figure/unnamed-chunk-66-1.pdf>
Package pdftex.def Info: figure/unnamed-chunk-66-1.pdf  used on input line 1244
.
(pdftex.def)             Requested size: 429.0pt x 429.00502pt.

LaTeX Warning: Reference `chap:multiple' on page 56 undefined on input line 124
8.


LaTeX Warning: Reference `ex:multiple:taxi' on page 56 undefined on input line 
1248.


LaTeX Warning: Reference `chap:multiple' on page 56 undefined on input line 124
8.


LaTeX Warning: Reference `ex:multiple:taxi' on page 56 undefined on input line 
1248.

Package color Info: Redefining color shadecolor on input line 1254.
Package color Info: Redefining color shadecolor on input line 1272.
[56] [57]) (solutions-selection.tex

LaTeX Warning: Reference `chap:selection' on page 58 undefined on input line 1.



LaTeX Warning: there is no bold Symbol font on input line 24.

[58]) (solutions-glm.tex

LaTeX Warning: Reference `chap:glm' on page 59 undefined on input line 1.

[59] [60] [61] [62]
Package color Info: Redefining color shadecolor on input line 161.
[63]
Package color Info: Redefining color shadecolor on input line 203.
[64] [65]
Package color Info: Redefining color shadecolor on input line 284.
<figure/unnamed-chunk-75-1.pdf, id=774, 216.81pt x 216.81pt>
File: figure/unnamed-chunk-75-1.pdf Graphic file (type pdf)
<use figure/unnamed-chunk-75-1.pdf>
Package pdftex.def Info: figure/unnamed-chunk-75-1.pdf  used on input line 285.

(pdftex.def)             Requested size: 216.80946pt x 216.81938pt.
<figure/unnamed-chunk-75-2.pdf, id=775, 216.81pt x 216.81pt>
File: figure/unnamed-chunk-75-2.pdf Graphic file (type pdf)
<use figure/unnamed-chunk-75-2.pdf>
Package pdftex.def Info: figure/unnamed-chunk-75-2.pdf  used on input line 287.

(pdftex.def)             Requested size: 216.80946pt x 216.81938pt.
<figure/unnamed-chunk-75-3.pdf, id=776, 216.81pt x 216.81pt>
File: figure/unnamed-chunk-75-3.pdf Graphic file (type pdf)
<use figure/unnamed-chunk-75-3.pdf>
Package pdftex.def Info: figure/unnamed-chunk-75-3.pdf  used on input line 289.

(pdftex.def)             Requested size: 216.80946pt x 216.81938pt.

LaTeX Warning: Float too large for page by 74.8961pt on input line 294.

Package color Info: Redefining color shadecolor on input line 299.

Overfull \hbox (10.38805pt too wide) in paragraph at lines 307--307
[]\T1/pcr/m/n/10 ## glm(formula = AvCost ~ OwnerAge + Model + CarAge, family = 
Gamma(link = log),[] 
 []

[66] [67] [68]
Package color Info: Redefining color shadecolor on input line 406.
Package color Info: Redefining color shadecolor on input line 427.
[69]
Package color Info: Redefining color shadecolor on input line 449.
Package color Info: Redefining color shadecolor on input line 460.
Package color Info: Redefining color shadecolor on input line 471.

Overfull \hbox (43.30914pt too wide) in paragraph at lines 480--494
\T1/pplx/m/n/10 Alternatively, the com-mand \T1/pcr/m/n/10 predict(modelb,data.
frame(x=2000),type="response",se.fit=TRUE)
 []

Package color Info: Redefining color shadecolor on input line 497.
[70]
Package color Info: Redefining color shadecolor on input line 515.
<figure/unnamed-chunk-85-1.pdf, id=812, 505.89pt x 505.89pt>
File: figure/unnamed-chunk-85-1.pdf Graphic file (type pdf)
<use figure/unnamed-chunk-85-1.pdf>
Package pdftex.def Info: figure/unnamed-chunk-85-1.pdf  used on input line 516.

(pdftex.def)             Requested size: 429.0pt x 429.00502pt.
) (solutions-comptage.tex

LaTeX Warning: Reference `chap:comptage' on page 71 undefined on input line 1.

Package color Info: Redefining color shadecolor on input line 7.

Overfull \hbox (214.89795pt too wide) in paragraph at lines 10--10
[][]\T1/pcr/m/n/10 fit1[] []<-[] []\T1/pcr/b/n/10 glm[][]\T1/pcr/m/n/10 (ncases
[][]~[][]\T1/pcr/b/n/10 factor[][]\T1/pcr/m/n/10 (agegp)[][]*[][]([][]\T1/pcr/b
/n/10 factor[][]\T1/pcr/m/n/10 (alcgp)[][]+[][]\T1/pcr/b/n/10 factor[][]\T1/pcr
/m/n/10 (tobgp))[][]+[][]\T1/pcr/b/n/10 factor[][]\T1/pcr/m/n/10 (alcgp)[][]:[]
[]\T1/pcr/b/n/10 factor[][]\T1/pcr/m/n/10 (tobgp),[][]family[][]=poisson,[][]da
ta[][]=esoph)[][] 
 []

LaTeX Font Info:    Font shape `T1/pcr/m/it' in size <10> not available
(Font)              Font shape `T1/pcr/m/sl' tried instead on input line 47.
[71]
Package color Info: Redefining color shadecolor on input line 76.

Overfull \hbox (88.2976pt too wide) in paragraph at lines 86--86
[]\T1/pcr/m/n/10 ## Model 2: ncases ~ factor(agegp) + factor(alcgp) + factor(to
bgp) + factor(agegp):factor(alcgp) +[] 
 []

[72] [73]
Package color Info: Redefining color shadecolor on input line 146.
Package color Info: Redefining color shadecolor on input line 191.
[74]
Package color Info: Redefining color shadecolor on input line 207.

Overfull \hbox (35.88792pt too wide) in paragraph at lines 214--215
[]\T1/pcr/m/n/10 ## Warning in theta.ml(Y, mu, sum(w), w, limit = control$maxit
, trace = control$trace
 []


Overfull \hbox (35.88792pt too wide) in paragraph at lines 216--216
[]\T1/pcr/m/n/10 ## Warning in theta.ml(Y, mu, sum(w), w, limit = control$maxit
, trace = control$trace
 []


Overfull \hbox (0.1881pt too wide) in paragraph at lines 236--236
[]\T1/pcr/m/n/10 ## (Dispersion parameter for Negative Binomial(113420.3) famil
y taken to be 1)[] 
 []

Package color Info: Redefining color shadecolor on input line 256.
[75]
Underfull \vbox (badness 1895) has occurred while \output is active []

[76]
Package color Info: Redefining color shadecolor on input line 340.
[77]
Package color Info: Redefining color shadecolor on input line 382.
[78]
Package color Info: Redefining color shadecolor on input line 430.
Package color Info: Redefining color shadecolor on input line 467.
[79]
Package color Info: Redefining color shadecolor on input line 518.

Overfull \hbox (15.48802pt too wide) in paragraph at lines 555--555
[]\T1/pcr/m/n/10 ## glm(formula = cbind(y, nb - y) ~ factor(sex) + factor(Dep),
 family = binomial)[] 
 []

[80] [81]
Package color Info: Redefining color shadecolor on input line 626.
Package color Info: Redefining color shadecolor on input line 663.
[82]
Package color Info: Redefining color shadecolor on input line 689.
Package color Info: Redefining color shadecolor on input line 714.

Overfull \hbox (51.18834pt too wide) in paragraph at lines 716--716
[][]\T1/pcr/b/n/10 predict[][]\T1/pcr/m/n/10 (modsexradINT,[][]\T1/pcr/b/n/10 d
ata.frame[][]\T1/pcr/m/n/10 ([][]Radontot[][]=[][]6[][],[][]Sex[][]=[][]0[][],[
][]Etot[][]=[][]1[][]),[][]type[][]=[][]"response"[][],[][]se.fit[][]=[][]TRUE[
][])[][] 
 []

[83])) [84] [85 <./figure/unnamed-chunk-64-1.pdf>] [86 <./figure/unnamed-chunk-
66-1.pdf>] [87 <./figure/unnamed-chunk-75-1.pdf> <./figure/unnamed-chunk-75-2.p
df> <./figure/unnamed-chunk-75-3.pdf>] [88 <./figure/unnamed-chunk-85-1.pdf>] [
89




]

Package natbib Warning: There were undefined citations.

[90]
\tf@toc=\write8
\openout8 = `exercices_modeles_lineaires.toc'.

Package atveryend Info: Empty hook `BeforeClearDocument' on input line 2455.
Package atveryend Info: Empty hook `AfterLastShipout' on input line 2455.
(exercices_modeles_lineaires.aux (pagetitre.aux) (introduction.aux) (solutions.
aux))
Package atveryend Info: Executing hook `AtVeryEndDocument' on input line 2455.
Package atveryend Info: Executing hook `AtEndAfterFileList' on input line 2455.

Package rerunfilecheck Info: File `exercices_modeles_lineaires.out' has not cha
nged.
(rerunfilecheck)             Checksum: 44ACD33CBE2EBA158AF0A504F2C3C22C;517.
LaTeX Font Warning: Some font shapes were not available, defaults substituted.

LaTeX Warning: There were undefined references.

Package atveryend Info: Empty hook `AtVeryVeryEnd' on input line 2455.
 ) 
Here is how much of TeX's memory you used:
 15227 strings out of 492895
 222359 string characters out of 3125136
 544203 words of memory out of 3000000
 18406 multiletter control sequences out of 15000+200000
 116712 words of font info for 213 fonts, out of 3000000 for 9000
 1141 hyphenation exceptions out of 8191
 40i,16n,49p,1144b,701s stack positions out of 5000i,500n,10000p,200000b,50000s
{C:/Users/pc/AppData/Local/Programs/MiKTeX 2.9/fonts/enc/dvips/base/8r.enc}<C
:/Users/pc/AppData/Local/Programs/MiKTeX 2.9/fonts/type1/public/amsfonts/cm/cme
x10.pfb><C:/Users/pc/AppData/Local/Programs/MiKTeX 2.9/fonts/type1/public/amsfo
nts/cm/cmmi10.pfb><C:/Users/pc/AppData/Local/Programs/MiKTeX 2.9/fonts/type1/pu
blic/amsfonts/cm/cmr10.pfb><C:/Users/pc/AppData/Local/Programs/MiKTeX 2.9/fonts
/type1/public/amsfonts/cm/cmsy10.pfb><C:/Users/pc/AppData/Local/Programs/MiKTeX
 2.9/fonts/type1/public/amsfonts/euler/eurb10.pfb><C:/Users/pc/AppData/Local/Pr
ograms/MiKTeX 2.9/fonts/type1/public/amsfonts/euler/eurm10.pfb><C:/Users/pc/App
Data/Local/Programs/MiKTeX 2.9/fonts/type1/public/mathpazo/fplmbb.pfb><C:/Users
/pc/AppData/Local/Programs/MiKTeX 2.9/fonts/type1/public/mathpazo/fplmr.pfb><C:
/Users/pc/AppData/Local/Programs/MiKTeX 2.9/fonts/type1/public/mathpazo/fplmri.
pfb><C:/Users/pc/AppData/Local/Programs/MiKTeX 2.9/fonts/type1/public/fpl/fplrc
8a.pfb><C:/Users/pc/AppData/Local/Programs/MiKTeX 2.9/fonts/type1/public/amsfon
ts/symbols/msbm10.pfb><C:/Users/pc/AppData/Local/Programs/MiKTeX 2.9/fonts/type
1/urw/courier/ucrb8a.pfb><C:/Users/pc/AppData/Local/Programs/MiKTeX 2.9/fonts/t
ype1/urw/courier/ucrr8a.pfb><C:/Users/pc/AppData/Local/Programs/MiKTeX 2.9/font
s/type1/urw/courier/ucrr8a.pfb><C:/Users/pc/AppData/Local/Programs/MiKTeX 2.9/f
onts/type1/urw/courier/ucrro8a.pfb><C:/Users/pc/AppData/Local/Programs/MiKTeX 2
.9/fonts/type1/urw/helvetic/uhvb8a.pfb><C:/Users/pc/AppData/Local/Programs/MiKT
eX 2.9/fonts/type1/urw/helvetic/uhvr8a.pfb><C:/Users/pc/AppData/Local/Programs/
MiKTeX 2.9/fonts/type1/urw/palatino/uplb8a.pfb><C:/Users/pc/AppData/Local/Progr
ams/MiKTeX 2.9/fonts/type1/urw/palatino/uplr8a.pfb><C:/Users/pc/AppData/Local/P
rograms/MiKTeX 2.9/fonts/type1/urw/palatino/uplri8a.pfb>
Output written on exercices_modeles_lineaires.pdf (98 pages, 740913 bytes).
PDF statistics:
 1089 PDF objects out of 1200 (max. 8388607)
 356 named destinations out of 1000 (max. 500000)
 198 words of extra memory for PDF output out of 10000 (max. 10000000)

